FILE_TYPE=LIBRARY_PARTS;
PRIMITIVE 'RT9742SNGV','RT9742SNGV_SOT23 (3-Pin)';
  PIN
    'VIN':
      PIN_NUMBER='(1)';
      NO_LOAD_CHECK=BOTH;
      NO_IO_CHECK=BOTH;
      ALLOW_CONNECT=TRUE;
      PINUSE='UNSPEC';
    'VOUT':
      PIN_NUMBER='(2)';
      NO_LOAD_CHECK=BOTH;
      NO_IO_CHECK=BOTH;
      ALLOW_CONNECT=TRUE;
      PINUSE='UNSPEC';
    'GND':
      PIN_NUMBER='(3)';
      NO_LOAD_CHECK=BOTH;
      NO_IO_CHECK=BOTH;
      ALLOW_CONNECT=TRUE;
      PINUSE='UNSPEC';
  END_PIN;
  BODY
    PART_NAME='RT9742SNGV';
    PHYS_DES_PREFIX='IC';
    NO_LOAD_CHECK='TRUE';
    PIN_COUNT='3';
    BODY_NAME='RT9742SNGV';
    JEDEC_TYPE='SOT95P279X130-3N';
  END_BODY;
END_PRIMITIVE;
END.
