Added Component: Designator=B1(DQA(R-PUSON-N10))
Add component (AddParameter): Name = "Arrow Part Number"; Value = "TPD4EUSB30DQAR"; VariantName = "[No Variations]"
Add component (AddParameter): Name = "Arrow Price/Stock"; Value = "https://www.arrow.com/en/products/tpd4eusb30dqar/texas-instruments?utm_currency=USD&region=nac"; VariantName = "[No Variations]"
Add component (AddParameter): Name = "Datasheet Link"; Value = "http://www.ti.com/lit/gpn/tpd4eusb30"; VariantName = "[No Variations]"
Add component (AddParameter): Name = "Manufacturer_Name"; Value = "Texas Instruments"; VariantName = "[No Variations]"
Add component (AddParameter): Name = "Manufacturer_Part_Number"; Value = "TPD4EUSB30DQAR"; VariantName = "[No Variations]"
Add component (AddParameter): Name = "Mouser Part Number"; Value = "595-TPD4EUSB30DQAR"; VariantName = "[No Variations]"
Add component (AddParameter): Name = "Mouser Price/Stock"; Value = "https://www.mouser.co.uk/ProductDetail/Texas-Instruments/TPD4EUSB30DQAR?qs=Ze4%2FuFuz19JpY4uqYOLMbQ%3D%3D"; VariantName = "[No Variations]"
Added Component: Designator=B2(DMP3036SFV7)
Add component (AddParameter): Name = "Arrow Part Number"; Value = "DMP3013SFV-7"; VariantName = "[No Variations]"
Add component (AddParameter): Name = "Arrow Price/Stock"; Value = "https://www.arrow.com/en/products/dmp3013sfv-7/diodes-incorporated?utm_currency=USD&region=nac"; VariantName = "[No Variations]"
Add component (AddParameter): Name = "Datasheet Link"; Value = "https://www.diodes.com//assets/Datasheets/DMP3013SFV.pdf"; VariantName = "[No Variations]"
Add component (AddParameter): Name = "Manufacturer_Name"; Value = "Diodes Incorporated"; VariantName = "[No Variations]"
Add component (AddParameter): Name = "Manufacturer_Part_Number"; Value = "DMP3013SFV-7"; VariantName = "[No Variations]"
Add component (AddParameter): Name = "Mouser Part Number"; Value = "621-DMP3013SFV-7"; VariantName = "[No Variations]"
Add component (AddParameter): Name = "Mouser Price/Stock"; Value = "https://www.mouser.co.uk/ProductDetail/Diodes-Incorporated/DMP3013SFV-7?qs=W0yvOO0ixfH1hnmiAtL1VQ%3D%3D"; VariantName = "[No Variations]"
Added Component: Designator=B3(DQA(R-PUSON-N10))
Add component (AddParameter): Name = "Arrow Part Number"; Value = "TPD4EUSB30DQAR"; VariantName = "[No Variations]"
Add component (AddParameter): Name = "Arrow Price/Stock"; Value = "https://www.arrow.com/en/products/tpd4eusb30dqar/texas-instruments?utm_currency=USD&region=nac"; VariantName = "[No Variations]"
Add component (AddParameter): Name = "Datasheet Link"; Value = "http://www.ti.com/lit/gpn/tpd4eusb30"; VariantName = "[No Variations]"
Add component (AddParameter): Name = "Manufacturer_Name"; Value = "Texas Instruments"; VariantName = "[No Variations]"
Add component (AddParameter): Name = "Manufacturer_Part_Number"; Value = "TPD4EUSB30DQAR"; VariantName = "[No Variations]"
Add component (AddParameter): Name = "Mouser Part Number"; Value = "595-TPD4EUSB30DQAR"; VariantName = "[No Variations]"
Add component (AddParameter): Name = "Mouser Price/Stock"; Value = "https://www.mouser.co.uk/ProductDetail/Texas-Instruments/TPD4EUSB30DQAR?qs=Ze4%2FuFuz19JpY4uqYOLMbQ%3D%3D"; VariantName = "[No Variations]"
Added Component: Designator=B4(SOIC127P600X175-8N)
Add component (AddParameter): Name = "Arrow Part Number"; Value = "PCF85063AT/AAZ"; VariantName = "[No Variations]"
Add component (AddParameter): Name = "Arrow Price/Stock"; Value = "https://www.arrow.com/en/products/pcf85063ataaz/nxp-semiconductors?region=nac"; VariantName = "[No Variations]"
Add component (AddParameter): Name = "Datasheet Link"; Value = "http://www.nxp.com/docs/en/data-sheet/PCF85063A.pdf"; VariantName = "[No Variations]"
Add component (AddParameter): Name = "Geometry.Height"; Value = "1.75mm"; VariantName = "[No Variations]"
Add component (AddParameter): Name = "Manufacturer_Name"; Value = "NXP"; VariantName = "[No Variations]"
Add component (AddParameter): Name = "Manufacturer_Part_Number"; Value = "PCF85063AT/AAZ"; VariantName = "[No Variations]"
Add component (AddParameter): Name = "Mouser Part Number"; Value = "771-PCF85063AT/AAZ"; VariantName = "[No Variations]"
Add component (AddParameter): Name = "Mouser Price/Stock"; Value = "https://www.mouser.co.uk/ProductDetail/NXP-Semiconductors/PCF85063AT-AAZ?qs=sV%252BQJnSpgu9E5WpV9lmUdg%3D%3D"; VariantName = "[No Variations]"
Added Component: Designator=B5(SOT65P210X110-5N)
Add component (AddParameter): Name = "Arrow Part Number"; Value = "74LVC1G07SE-7"; VariantName = "[No Variations]"
Add component (AddParameter): Name = "Arrow Price/Stock"; Value = "https://www.arrow.com/en/products/74lvc1g07se-7/diodes-incorporated?utm_currency=USD&region=europe"; VariantName = "[No Variations]"
Add component (AddParameter): Name = "Datasheet Link"; Value = "https://www.diodes.com//assets/Datasheets/74LVC1G07.pdf"; VariantName = "[No Variations]"
Add component (AddParameter): Name = "Geometry.Height"; Value = "1.1mm"; VariantName = "[No Variations]"
Add component (AddParameter): Name = "Manufacturer_Name"; Value = "Diodes Incorporated"; VariantName = "[No Variations]"
Add component (AddParameter): Name = "Manufacturer_Part_Number"; Value = "74LVC1G07SE-7"; VariantName = "[No Variations]"
Add component (AddParameter): Name = "Mouser Part Number"; Value = "621-74LVC1G07SE-7"; VariantName = "[No Variations]"
Add component (AddParameter): Name = "Mouser Price/Stock"; Value = "https://www.mouser.co.uk/ProductDetail/Diodes-Incorporated/74LVC1G07SE-7?qs=abZ1nkZpTuNoZmx9wrxFdA%3D%3D"; VariantName = "[No Variations]"
Added Component: Designator=B6(SOT94P280X100-5N)
Add component (AddParameter): Name = "Arrow Part Number"; Value = ""; VariantName = "[No Variations]"
Add component (AddParameter): Name = "Arrow Price/Stock"; Value = ""; VariantName = "[No Variations]"
Add component (AddParameter): Name = "Datasheet Link"; Value = "https://componentsearchengine.com/Datasheets/2/RT9742GGJ5.pdf"; VariantName = "[No Variations]"
Add component (AddParameter): Name = "Geometry.Height"; Value = "1mm"; VariantName = "[No Variations]"
Add component (AddParameter): Name = "Manufacturer_Name"; Value = "RICHTEK"; VariantName = "[No Variations]"
Add component (AddParameter): Name = "Manufacturer_Part_Number"; Value = "RT9742GGJ5"; VariantName = "[No Variations]"
Add component (AddParameter): Name = "Mouser Part Number"; Value = "835-RT9742GGJ5"; VariantName = "[No Variations]"
Add component (AddParameter): Name = "Mouser Price/Stock"; Value = "https://www.mouser.co.uk/ProductDetail/Richtek/RT9742GGJ5?qs=amGC7iS6iy%2FZU2tAnLZxIA%3D%3D"; VariantName = "[No Variations]"
Added Component: Designator=B7(SOP65P490X110-8N)
Add component (AddParameter): Name = "Arrow Part Number"; Value = "EMC2301-1-ACZL-TR"; VariantName = "[No Variations]"
Add component (AddParameter): Name = "Arrow Price/Stock"; Value = "https://www.arrow.com/en/products/emc2301-1-aczl-tr/microchip-technology?region=nac"; VariantName = "[No Variations]"
Add component (AddParameter): Name = "Datasheet Link"; Value = "http://www.microchip.com/mymicrochip/filehandler.aspx?ddocname=en562400"; VariantName = "[No Variations]"
Add component (AddParameter): Name = "Geometry.Height"; Value = "1.1mm"; VariantName = "[No Variations]"
Add component (AddParameter): Name = "Manufacturer_Name"; Value = "Microchip"; VariantName = "[No Variations]"
Add component (AddParameter): Name = "Manufacturer_Part_Number"; Value = "EMC2301-1-ACZL-TR"; VariantName = "[No Variations]"
Add component (AddParameter): Name = "Mouser Part Number"; Value = "886-EMC2301-1-ACZLTR"; VariantName = "[No Variations]"
Add component (AddParameter): Name = "Mouser Price/Stock"; Value = "https://www.mouser.co.uk/ProductDetail/Microchip-Technology/EMC2301-1-ACZL-TR?qs=pA5MXup5wxFdFYiBpDRrfw%3D%3D"; VariantName = "[No Variations]"
Added Component: Designator=B8(SOT65P210X110-5N)
Add component (AddParameter): Name = "Arrow Part Number"; Value = "74LVC1G07SE-7"; VariantName = "[No Variations]"
Add component (AddParameter): Name = "Arrow Price/Stock"; Value = "https://www.arrow.com/en/products/74lvc1g07se-7/diodes-incorporated?utm_currency=USD&region=europe"; VariantName = "[No Variations]"
Add component (AddParameter): Name = "Datasheet Link"; Value = "https://www.diodes.com//assets/Datasheets/74LVC1G07.pdf"; VariantName = "[No Variations]"
Add component (AddParameter): Name = "Geometry.Height"; Value = "1.1mm"; VariantName = "[No Variations]"
Add component (AddParameter): Name = "Manufacturer_Name"; Value = "Diodes Incorporated"; VariantName = "[No Variations]"
Add component (AddParameter): Name = "Manufacturer_Part_Number"; Value = "74LVC1G07SE-7"; VariantName = "[No Variations]"
Add component (AddParameter): Name = "Mouser Part Number"; Value = "621-74LVC1G07SE-7"; VariantName = "[No Variations]"
Add component (AddParameter): Name = "Mouser Price/Stock"; Value = "https://www.mouser.co.uk/ProductDetail/Diodes-Incorporated/74LVC1G07SE-7?qs=abZ1nkZpTuNoZmx9wrxFdA%3D%3D"; VariantName = "[No Variations]"
Added Component: Designator=B9(QFN50P600X600X100-37N-D)
Add component (AddParameter): Name = "Arrow Part Number"; Value = "USB2514B-I/M2"; VariantName = "[No Variations]"
Add component (AddParameter): Name = "Arrow Price/Stock"; Value = "https://www.arrow.com/en/products/usb2514b-im2/microchip-technology?region=nac"; VariantName = "[No Variations]"
Add component (AddParameter): Name = "Datasheet Link"; Value = "http://ww1.microchip.com/downloads/en/DeviceDoc/00001692C.pdf"; VariantName = "[No Variations]"
Add component (AddParameter): Name = "Geometry.Height"; Value = "1mm"; VariantName = "[No Variations]"
Add component (AddParameter): Name = "Manufacturer_Name"; Value = "Microchip"; VariantName = "[No Variations]"
Add component (AddParameter): Name = "Manufacturer_Part_Number"; Value = "USB2514B-I/M2"; VariantName = "[No Variations]"
Add component (AddParameter): Name = "Mouser Part Number"; Value = "579-USB2514B-I/M2"; VariantName = "[No Variations]"
Add component (AddParameter): Name = "Mouser Price/Stock"; Value = "https://www.mouser.co.uk/ProductDetail/Microchip-Technology/USB2514B-I-M2?qs=uus7iwvxYD%252BYUekNs2mWlw%3D%3D"; VariantName = "[No Variations]"
Added Component: Designator=B10(SOT65P210X110-5N)
Add component (AddParameter): Name = "Arrow Part Number"; Value = "74LVC1G07SE-7"; VariantName = "[No Variations]"
Add component (AddParameter): Name = "Arrow Price/Stock"; Value = "https://www.arrow.com/en/products/74lvc1g07se-7/diodes-incorporated?utm_currency=USD&region=europe"; VariantName = "[No Variations]"
Add component (AddParameter): Name = "Datasheet Link"; Value = "https://www.diodes.com//assets/Datasheets/74LVC1G07.pdf"; VariantName = "[No Variations]"
Add component (AddParameter): Name = "Geometry.Height"; Value = "1.1mm"; VariantName = "[No Variations]"
Add component (AddParameter): Name = "Manufacturer_Name"; Value = "Diodes Incorporated"; VariantName = "[No Variations]"
Add component (AddParameter): Name = "Manufacturer_Part_Number"; Value = "74LVC1G07SE-7"; VariantName = "[No Variations]"
Add component (AddParameter): Name = "Mouser Part Number"; Value = "621-74LVC1G07SE-7"; VariantName = "[No Variations]"
Add component (AddParameter): Name = "Mouser Price/Stock"; Value = "https://www.mouser.co.uk/ProductDetail/Diodes-Incorporated/74LVC1G07SE-7?qs=abZ1nkZpTuNoZmx9wrxFdA%3D%3D"; VariantName = "[No Variations]"
Added Component: Designator=B11(SOP50P490X110-10N)
Add component (AddParameter): Name = "Arrow Part Number"; Value = "FSUSB42MUX"; VariantName = "[No Variations]"
Add component (AddParameter): Name = "Arrow Price/Stock"; Value = "https://www.arrow.com/en/products/fsusb42mux/on-semiconductor?utm_currency=USD&region=nac"; VariantName = "[No Variations]"
Add component (AddParameter): Name = "Datasheet Link"; Value = "https://www.onsemi.com/pub/Collateral/FSUSB42-D.PDF"; VariantName = "[No Variations]"
Add component (AddParameter): Name = "Geometry.Height"; Value = "1.1mm"; VariantName = "[No Variations]"
Add component (AddParameter): Name = "Manufacturer_Name"; Value = "onsemi"; VariantName = "[No Variations]"
Add component (AddParameter): Name = "Manufacturer_Part_Number"; Value = "FSUSB42MUX"; VariantName = "[No Variations]"
Add component (AddParameter): Name = "Mouser Part Number"; Value = "512-FSUSB42MUX"; VariantName = "[No Variations]"
Add component (AddParameter): Name = "Mouser Price/Stock"; Value = "https://www.mouser.co.uk/ProductDetail/onsemi-Fairchild/FSUSB42MUX?qs=yA6kp8fx8Y59RAD4iJDRWg%3D%3D"; VariantName = "[No Variations]"
Added Component: Designator=B12(DQA(R-PUSON-N10))
Add component (AddParameter): Name = "Arrow Part Number"; Value = "TPD4EUSB30DQAR"; VariantName = "[No Variations]"
Add component (AddParameter): Name = "Arrow Price/Stock"; Value = "https://www.arrow.com/en/products/tpd4eusb30dqar/texas-instruments?utm_currency=USD&region=nac"; VariantName = "[No Variations]"
Add component (AddParameter): Name = "Datasheet Link"; Value = "http://www.ti.com/lit/gpn/tpd4eusb30"; VariantName = "[No Variations]"
Add component (AddParameter): Name = "Manufacturer_Name"; Value = "Texas Instruments"; VariantName = "[No Variations]"
Add component (AddParameter): Name = "Manufacturer_Part_Number"; Value = "TPD4EUSB30DQAR"; VariantName = "[No Variations]"
Add component (AddParameter): Name = "Mouser Part Number"; Value = "595-TPD4EUSB30DQAR"; VariantName = "[No Variations]"
Add component (AddParameter): Name = "Mouser Price/Stock"; Value = "https://www.mouser.co.uk/ProductDetail/Texas-Instruments/TPD4EUSB30DQAR?qs=Ze4%2FuFuz19JpY4uqYOLMbQ%3D%3D"; VariantName = "[No Variations]"
Added Component: Designator=B13(SOIC127P600X163-9N)
Add component (AddParameter): Name = "Arrow Part Number"; Value = "AP64501SP-13"; VariantName = "[No Variations]"
Add component (AddParameter): Name = "Arrow Price/Stock"; Value = "https://www.arrow.com/en/products/ap64501sp-13/diodes-incorporated?utm_currency=USD&region=nac"; VariantName = "[No Variations]"
Add component (AddParameter): Name = "Datasheet Link"; Value = "https://www.diodes.com//assets/Datasheets/AP64501.pdf"; VariantName = "[No Variations]"
Add component (AddParameter): Name = "Geometry.Height"; Value = "1.63mm"; VariantName = "[No Variations]"
Add component (AddParameter): Name = "Manufacturer_Name"; Value = "Diodes Incorporated"; VariantName = "[No Variations]"
Add component (AddParameter): Name = "Manufacturer_Part_Number"; Value = "AP64501SP-13"; VariantName = "[No Variations]"
Add component (AddParameter): Name = "Mouser Part Number"; Value = "621-AP64501SP-13"; VariantName = "[No Variations]"
Add component (AddParameter): Name = "Mouser Price/Stock"; Value = "https://www.mouser.co.uk/ProductDetail/Diodes-Incorporated/AP64501SP-13?qs=P1JMDcb91o7FS0GU%252BW7TIQ%3D%3D"; VariantName = "[No Variations]"
Added Component: Designator=B14(SOT95P280X145-6N)
Add component (AddParameter): Name = "Arrow Part Number"; Value = "AP22653W6-7"; VariantName = "[No Variations]"
Add component (AddParameter): Name = "Arrow Price/Stock"; Value = "null?region=asia"; VariantName = "[No Variations]"
Add component (AddParameter): Name = "Datasheet Link"; Value = "https://www.diodes.com//assets/Datasheets/AP22652_53_52A_53A.pdf"; VariantName = "[No Variations]"
Add component (AddParameter): Name = "Geometry.Height"; Value = "1.45mm"; VariantName = "[No Variations]"
Add component (AddParameter): Name = "Manufacturer_Name"; Value = "Diodes Incorporated"; VariantName = "[No Variations]"
Add component (AddParameter): Name = "Manufacturer_Part_Number"; Value = "AP22653W6-7"; VariantName = "[No Variations]"
Add component (AddParameter): Name = "Mouser Part Number"; Value = "621-AP22653W6-7"; VariantName = "[No Variations]"
Add component (AddParameter): Name = "Mouser Price/Stock"; Value = "https://www.mouser.co.uk/ProductDetail/Diodes-Incorporated/AP22653W6-7?qs=rkhjVJ6%2F3ELFrpB7eThLLg%3D%3D"; VariantName = "[No Variations]"
Added Component: Designator=BT1(BAT_3034)
Add component (AddParameter): Name = "Availability"; Value = "Not in stock"; VariantName = "[No Variations]"
Add component (AddParameter): Name = "Check_prices"; Value = "https://www.snapeda.com/parts/3034/Keystone+Electronics/view-part/?ref=eda"; VariantName = "[No Variations]"
Add component (AddParameter): Name = "MF"; Value = "Keystone Electronics Corp."; VariantName = "[No Variations]"
Add component (AddParameter): Name = "MP"; Value = "3034"; VariantName = "[No Variations]"
Add component (AddParameter): Name = "Package"; Value = "None"; VariantName = "[No Variations]"
Add component (AddParameter): Name = "Price"; Value = "None"; VariantName = "[No Variations]"
Add component (AddParameter): Name = "SnapEDA_Link"; Value = "https://www.snapeda.com/parts/3034/Keystone+Electronics/view-part/?ref=snap"; VariantName = "[No Variations]"
Add component (AddParameter): Name = "Value"; Value = ""; VariantName = "[No Variations]"
Add Component: Footprint Not Found CAPC1005X55N
Added Component: Designator=C2(CAPC1005X55N)
Add component (AddParameter): Name = "Check_prices"; Value = "https://www.snapeda.com/parts/C2012X6S1C106K125AC/TDK-Lambda+Americas+Inc/view-part/?ref=eda"; VariantName = "[No Variations]"
Add component (AddParameter): Name = "Digi-Key_Part_Number"; Value = ""; VariantName = "[No Variations]"
Add component (AddParameter): Name = "MF"; Value = "TDK"; VariantName = "[No Variations]"
Add component (AddParameter): Name = "MP"; Value = "C2012X6S1C106K125AC"; VariantName = "[No Variations]"
Add component (AddParameter): Name = "Package"; Value = "2012 TDK"; VariantName = "[No Variations]"
Add component (AddParameter): Name = "Purchase-URL"; Value = "https://pricing.snapeda.com/search/part/C2012X6S1C106K125AC/?ref=eda"; VariantName = "[No Variations]"
Add component (AddParameter): Name = "SnapEDA_Link"; Value = "https://www.snapeda.com/parts/C2012X6S1C106K125AC/TDK-Lambda+Americas+Inc/view-part/?ref=snap"; VariantName = "[No Variations]"
Add component (AddParameter): Name = "Value"; Value = ""; VariantName = "[No Variations]"
Add Component: Footprint Not Found CAPC1005X55N
Add Component: Footprint Not Found CAPC1005X55N
Add Component: Footprint Not Found CAPC1005X55N
Added Component: Designator=C6(CAPC2012X145N)
Add component (AddParameter): Name = "Datasheet Link"; Value = "https://search.murata.co.jp/Ceramy/image/img/A01X/G101/ENG/GRM21BC8YA106ME11-01A.pdf"; VariantName = "[No Variations]"
Add component (AddParameter): Name = "Geometry.Height"; Value = "1.45mm"; VariantName = "[No Variations]"
Add component (AddParameter): Name = "Manufacturer_Name"; Value = "Murata Electronics"; VariantName = "[No Variations]"
Add component (AddParameter): Name = "Manufacturer_Part_Number"; Value = "GRM21BC8YA106ME11L"; VariantName = "[No Variations]"
Add component (AddParameter): Name = "Mouser Part Number"; Value = "81-GRM21BC8YA106ME1L"; VariantName = "[No Variations]"
Add component (AddParameter): Name = "Mouser Price/Stock"; Value = "https://www.mouser.co.uk/ProductDetail/Murata-Electronics/GRM21BC8YA106ME11L?qs=K0Sa7bCb58JXd%2FLXsBufTg%3D%3D"; VariantName = "[No Variations]"
Add Component: Footprint Not Found CAPC1005X55N
Add Component: Footprint Not Found CAPC1005X55N
Add Component: Footprint Not Found CAPC1005X55N
Added Component: Designator=C10(CAPC1005X55N)
Add component (AddParameter): Name = "Check_prices"; Value = "https://www.snapeda.com/parts/C2012X6S1C106K125AC/TDK-Lambda+Americas+Inc/view-part/?ref=eda"; VariantName = "[No Variations]"
Add component (AddParameter): Name = "Digi-Key_Part_Number"; Value = ""; VariantName = "[No Variations]"
Add component (AddParameter): Name = "MF"; Value = "TDK"; VariantName = "[No Variations]"
Add component (AddParameter): Name = "MP"; Value = "C2012X6S1C106K125AC"; VariantName = "[No Variations]"
Add component (AddParameter): Name = "Package"; Value = "2012 TDK"; VariantName = "[No Variations]"
Add component (AddParameter): Name = "Purchase-URL"; Value = "https://pricing.snapeda.com/search/part/C2012X6S1C106K125AC/?ref=eda"; VariantName = "[No Variations]"
Add component (AddParameter): Name = "SnapEDA_Link"; Value = "https://www.snapeda.com/parts/C2012X6S1C106K125AC/TDK-Lambda+Americas+Inc/view-part/?ref=snap"; VariantName = "[No Variations]"
Add component (AddParameter): Name = "Value"; Value = ""; VariantName = "[No Variations]"
Added Component: Designator=C11(CAPC1005X55N)
Add component (AddParameter): Name = "Check_prices"; Value = "https://www.snapeda.com/parts/C2012X6S1C106K125AC/TDK-Lambda+Americas+Inc/view-part/?ref=eda"; VariantName = "[No Variations]"
Add component (AddParameter): Name = "Digi-Key_Part_Number"; Value = ""; VariantName = "[No Variations]"
Add component (AddParameter): Name = "MF"; Value = "TDK"; VariantName = "[No Variations]"
Add component (AddParameter): Name = "MP"; Value = "C2012X6S1C106K125AC"; VariantName = "[No Variations]"
Add component (AddParameter): Name = "Package"; Value = "2012 TDK"; VariantName = "[No Variations]"
Add component (AddParameter): Name = "Purchase-URL"; Value = "https://pricing.snapeda.com/search/part/C2012X6S1C106K125AC/?ref=eda"; VariantName = "[No Variations]"
Add component (AddParameter): Name = "SnapEDA_Link"; Value = "https://www.snapeda.com/parts/C2012X6S1C106K125AC/TDK-Lambda+Americas+Inc/view-part/?ref=snap"; VariantName = "[No Variations]"
Add component (AddParameter): Name = "Value"; Value = ""; VariantName = "[No Variations]"
Add Component: Footprint Not Found CAPC1005X55N
Add Component: Footprint Not Found CAPC1005X55N
Add Component: Footprint Not Found CAPC1005X55N
Add Component: Footprint Not Found CAPC1005X55N
Add Component: Footprint Not Found CAPC1005X55N
Add Component: Footprint Not Found CAPC1005X55N
Add Component: Footprint Not Found CAPC1005X55N
Add Component: Footprint Not Found CAPC1005X55N
Added Component: Designator=C20(CAPMP3528X210N)
Add component (AddParameter): Name = "Check_prices"; Value = "https://www.snapeda.com/parts/T543B107K006AHW025/KEMET/view-part/?ref=eda"; VariantName = "[No Variations]"
Add component (AddParameter): Name = "MF"; Value = "KEMET"; VariantName = "[No Variations]"
Add component (AddParameter): Name = "MP"; Value = "T543B107K006AHW025"; VariantName = "[No Variations]"
Add component (AddParameter): Name = "Package"; Value = "SMD-2 Kemet"; VariantName = "[No Variations]"
Add component (AddParameter): Name = "SnapEDA_Link"; Value = "https://www.snapeda.com/parts/T543B107K006AHW025/KEMET/view-part/?ref=snap"; VariantName = "[No Variations]"
Add component (AddParameter): Name = "Value"; Value = ""; VariantName = "[No Variations]"
Add Component: Footprint Not Found CAPC1005X55N
Added Component: Designator=C22(CAPC1005X55N)
Add component (AddParameter): Name = "Check_prices"; Value = "https://www.snapeda.com/parts/C2012X6S1C106K125AC/TDK-Lambda+Americas+Inc/view-part/?ref=eda"; VariantName = "[No Variations]"
Add component (AddParameter): Name = "Digi-Key_Part_Number"; Value = ""; VariantName = "[No Variations]"
Add component (AddParameter): Name = "MF"; Value = "TDK"; VariantName = "[No Variations]"
Add component (AddParameter): Name = "MP"; Value = "C2012X6S1C106K125AC"; VariantName = "[No Variations]"
Add component (AddParameter): Name = "Package"; Value = "2012 TDK"; VariantName = "[No Variations]"
Add component (AddParameter): Name = "Purchase-URL"; Value = "https://pricing.snapeda.com/search/part/C2012X6S1C106K125AC/?ref=eda"; VariantName = "[No Variations]"
Add component (AddParameter): Name = "SnapEDA_Link"; Value = "https://www.snapeda.com/parts/C2012X6S1C106K125AC/TDK-Lambda+Americas+Inc/view-part/?ref=snap"; VariantName = "[No Variations]"
Add component (AddParameter): Name = "Value"; Value = ""; VariantName = "[No Variations]"
Added Component: Designator=C23(CAPC1005X55N)
Add component (AddParameter): Name = "Check_prices"; Value = "https://www.snapeda.com/parts/C2012X6S1C106K125AC/TDK-Lambda+Americas+Inc/view-part/?ref=eda"; VariantName = "[No Variations]"
Add component (AddParameter): Name = "Digi-Key_Part_Number"; Value = ""; VariantName = "[No Variations]"
Add component (AddParameter): Name = "MF"; Value = "TDK"; VariantName = "[No Variations]"
Add component (AddParameter): Name = "MP"; Value = "C2012X6S1C106K125AC"; VariantName = "[No Variations]"
Add component (AddParameter): Name = "Package"; Value = "2012 TDK"; VariantName = "[No Variations]"
Add component (AddParameter): Name = "Purchase-URL"; Value = "https://pricing.snapeda.com/search/part/C2012X6S1C106K125AC/?ref=eda"; VariantName = "[No Variations]"
Add component (AddParameter): Name = "SnapEDA_Link"; Value = "https://www.snapeda.com/parts/C2012X6S1C106K125AC/TDK-Lambda+Americas+Inc/view-part/?ref=snap"; VariantName = "[No Variations]"
Add component (AddParameter): Name = "Value"; Value = ""; VariantName = "[No Variations]"
Added Component: Designator=C24(CAPC1005X55N)
Add component (AddParameter): Name = "Check_prices"; Value = "https://www.snapeda.com/parts/C2012X6S1C106K125AC/TDK-Lambda+Americas+Inc/view-part/?ref=eda"; VariantName = "[No Variations]"
Add component (AddParameter): Name = "Digi-Key_Part_Number"; Value = ""; VariantName = "[No Variations]"
Add component (AddParameter): Name = "MF"; Value = "TDK"; VariantName = "[No Variations]"
Add component (AddParameter): Name = "MP"; Value = "C2012X6S1C106K125AC"; VariantName = "[No Variations]"
Add component (AddParameter): Name = "Package"; Value = "2012 TDK"; VariantName = "[No Variations]"
Add component (AddParameter): Name = "Purchase-URL"; Value = "https://pricing.snapeda.com/search/part/C2012X6S1C106K125AC/?ref=eda"; VariantName = "[No Variations]"
Add component (AddParameter): Name = "SnapEDA_Link"; Value = "https://www.snapeda.com/parts/C2012X6S1C106K125AC/TDK-Lambda+Americas+Inc/view-part/?ref=snap"; VariantName = "[No Variations]"
Add component (AddParameter): Name = "Value"; Value = ""; VariantName = "[No Variations]"
Added Component: Designator=C25(CAPC1005X55N)
Add component (AddParameter): Name = "Check_prices"; Value = "https://www.snapeda.com/parts/C2012X6S1C106K125AC/TDK-Lambda+Americas+Inc/view-part/?ref=eda"; VariantName = "[No Variations]"
Add component (AddParameter): Name = "Digi-Key_Part_Number"; Value = ""; VariantName = "[No Variations]"
Add component (AddParameter): Name = "MF"; Value = "TDK"; VariantName = "[No Variations]"
Add component (AddParameter): Name = "MP"; Value = "C2012X6S1C106K125AC"; VariantName = "[No Variations]"
Add component (AddParameter): Name = "Package"; Value = "2012 TDK"; VariantName = "[No Variations]"
Add component (AddParameter): Name = "Purchase-URL"; Value = "https://pricing.snapeda.com/search/part/C2012X6S1C106K125AC/?ref=eda"; VariantName = "[No Variations]"
Add component (AddParameter): Name = "SnapEDA_Link"; Value = "https://www.snapeda.com/parts/C2012X6S1C106K125AC/TDK-Lambda+Americas+Inc/view-part/?ref=snap"; VariantName = "[No Variations]"
Add component (AddParameter): Name = "Value"; Value = ""; VariantName = "[No Variations]"
Add Component: Footprint Not Found CAPC1005X55N
Added Component: Designator=C27(CAPC1005X55N)
Add component (AddParameter): Name = "Check_prices"; Value = "https://www.snapeda.com/parts/C2012X6S1C106K125AC/TDK-Lambda+Americas+Inc/view-part/?ref=eda"; VariantName = "[No Variations]"
Add component (AddParameter): Name = "Digi-Key_Part_Number"; Value = ""; VariantName = "[No Variations]"
Add component (AddParameter): Name = "MF"; Value = "TDK"; VariantName = "[No Variations]"
Add component (AddParameter): Name = "MP"; Value = "C2012X6S1C106K125AC"; VariantName = "[No Variations]"
Add component (AddParameter): Name = "Package"; Value = "2012 TDK"; VariantName = "[No Variations]"
Add component (AddParameter): Name = "Purchase-URL"; Value = "https://pricing.snapeda.com/search/part/C2012X6S1C106K125AC/?ref=eda"; VariantName = "[No Variations]"
Add component (AddParameter): Name = "SnapEDA_Link"; Value = "https://www.snapeda.com/parts/C2012X6S1C106K125AC/TDK-Lambda+Americas+Inc/view-part/?ref=snap"; VariantName = "[No Variations]"
Add component (AddParameter): Name = "Value"; Value = ""; VariantName = "[No Variations]"
Added Component: Designator=C28(CAPC1005X55N)
Add component (AddParameter): Name = "Check_prices"; Value = "https://www.snapeda.com/parts/C2012X6S1C106K125AC/TDK-Lambda+Americas+Inc/view-part/?ref=eda"; VariantName = "[No Variations]"
Add component (AddParameter): Name = "Digi-Key_Part_Number"; Value = ""; VariantName = "[No Variations]"
Add component (AddParameter): Name = "MF"; Value = "TDK"; VariantName = "[No Variations]"
Add component (AddParameter): Name = "MP"; Value = "C2012X6S1C106K125AC"; VariantName = "[No Variations]"
Add component (AddParameter): Name = "Package"; Value = "2012 TDK"; VariantName = "[No Variations]"
Add component (AddParameter): Name = "Purchase-URL"; Value = "https://pricing.snapeda.com/search/part/C2012X6S1C106K125AC/?ref=eda"; VariantName = "[No Variations]"
Add component (AddParameter): Name = "SnapEDA_Link"; Value = "https://www.snapeda.com/parts/C2012X6S1C106K125AC/TDK-Lambda+Americas+Inc/view-part/?ref=snap"; VariantName = "[No Variations]"
Add component (AddParameter): Name = "Value"; Value = ""; VariantName = "[No Variations]"
Added Component: Designator=C29(CAPC1005X55N)
Add component (AddParameter): Name = "Check_prices"; Value = "https://www.snapeda.com/parts/C2012X6S1C106K125AC/TDK-Lambda+Americas+Inc/view-part/?ref=eda"; VariantName = "[No Variations]"
Add component (AddParameter): Name = "Digi-Key_Part_Number"; Value = ""; VariantName = "[No Variations]"
Add component (AddParameter): Name = "MF"; Value = "TDK"; VariantName = "[No Variations]"
Add component (AddParameter): Name = "MP"; Value = "C2012X6S1C106K125AC"; VariantName = "[No Variations]"
Add component (AddParameter): Name = "Package"; Value = "2012 TDK"; VariantName = "[No Variations]"
Add component (AddParameter): Name = "Purchase-URL"; Value = "https://pricing.snapeda.com/search/part/C2012X6S1C106K125AC/?ref=eda"; VariantName = "[No Variations]"
Add component (AddParameter): Name = "SnapEDA_Link"; Value = "https://www.snapeda.com/parts/C2012X6S1C106K125AC/TDK-Lambda+Americas+Inc/view-part/?ref=snap"; VariantName = "[No Variations]"
Add component (AddParameter): Name = "Value"; Value = ""; VariantName = "[No Variations]"
Added Component: Designator=C30(CAPC1005X55N)
Add component (AddParameter): Name = "Check_prices"; Value = "https://www.snapeda.com/parts/C2012X6S1C106K125AC/TDK-Lambda+Americas+Inc/view-part/?ref=eda"; VariantName = "[No Variations]"
Add component (AddParameter): Name = "Digi-Key_Part_Number"; Value = ""; VariantName = "[No Variations]"
Add component (AddParameter): Name = "MF"; Value = "TDK"; VariantName = "[No Variations]"
Add component (AddParameter): Name = "MP"; Value = "C2012X6S1C106K125AC"; VariantName = "[No Variations]"
Add component (AddParameter): Name = "Package"; Value = "2012 TDK"; VariantName = "[No Variations]"
Add component (AddParameter): Name = "Purchase-URL"; Value = "https://pricing.snapeda.com/search/part/C2012X6S1C106K125AC/?ref=eda"; VariantName = "[No Variations]"
Add component (AddParameter): Name = "SnapEDA_Link"; Value = "https://www.snapeda.com/parts/C2012X6S1C106K125AC/TDK-Lambda+Americas+Inc/view-part/?ref=snap"; VariantName = "[No Variations]"
Add component (AddParameter): Name = "Value"; Value = ""; VariantName = "[No Variations]"
Added Component: Designator=C31(CAPC1005X55N)
Add component (AddParameter): Name = "Check_prices"; Value = "https://www.snapeda.com/parts/C2012X6S1C106K125AC/TDK-Lambda+Americas+Inc/view-part/?ref=eda"; VariantName = "[No Variations]"
Add component (AddParameter): Name = "Digi-Key_Part_Number"; Value = ""; VariantName = "[No Variations]"
Add component (AddParameter): Name = "MF"; Value = "TDK"; VariantName = "[No Variations]"
Add component (AddParameter): Name = "MP"; Value = "C2012X6S1C106K125AC"; VariantName = "[No Variations]"
Add component (AddParameter): Name = "Package"; Value = "2012 TDK"; VariantName = "[No Variations]"
Add component (AddParameter): Name = "Purchase-URL"; Value = "https://pricing.snapeda.com/search/part/C2012X6S1C106K125AC/?ref=eda"; VariantName = "[No Variations]"
Add component (AddParameter): Name = "SnapEDA_Link"; Value = "https://www.snapeda.com/parts/C2012X6S1C106K125AC/TDK-Lambda+Americas+Inc/view-part/?ref=snap"; VariantName = "[No Variations]"
Add component (AddParameter): Name = "Value"; Value = ""; VariantName = "[No Variations]"
Added Component: Designator=C32(CAPC1005X55N)
Add component (AddParameter): Name = "Check_prices"; Value = "https://www.snapeda.com/parts/C2012X6S1C106K125AC/TDK-Lambda+Americas+Inc/view-part/?ref=eda"; VariantName = "[No Variations]"
Add component (AddParameter): Name = "Digi-Key_Part_Number"; Value = ""; VariantName = "[No Variations]"
Add component (AddParameter): Name = "MF"; Value = "TDK"; VariantName = "[No Variations]"
Add component (AddParameter): Name = "MP"; Value = "C2012X6S1C106K125AC"; VariantName = "[No Variations]"
Add component (AddParameter): Name = "Package"; Value = "2012 TDK"; VariantName = "[No Variations]"
Add component (AddParameter): Name = "Purchase-URL"; Value = "https://pricing.snapeda.com/search/part/C2012X6S1C106K125AC/?ref=eda"; VariantName = "[No Variations]"
Add component (AddParameter): Name = "SnapEDA_Link"; Value = "https://www.snapeda.com/parts/C2012X6S1C106K125AC/TDK-Lambda+Americas+Inc/view-part/?ref=snap"; VariantName = "[No Variations]"
Add component (AddParameter): Name = "Value"; Value = ""; VariantName = "[No Variations]"
Add Component: Footprint Not Found CAPC1005X55N
Add Component: Footprint Not Found CAPC1005X55N
Added Component: Designator=C35(CAPMP3528X210N)
Add component (AddParameter): Name = "Check_prices"; Value = "https://www.snapeda.com/parts/T543B107K006AHW025/KEMET/view-part/?ref=eda"; VariantName = "[No Variations]"
Add component (AddParameter): Name = "MF"; Value = "KEMET"; VariantName = "[No Variations]"
Add component (AddParameter): Name = "MP"; Value = "T543B107K006AHW025"; VariantName = "[No Variations]"
Add component (AddParameter): Name = "Package"; Value = "SMD-2 Kemet"; VariantName = "[No Variations]"
Add component (AddParameter): Name = "SnapEDA_Link"; Value = "https://www.snapeda.com/parts/T543B107K006AHW025/KEMET/view-part/?ref=snap"; VariantName = "[No Variations]"
Add component (AddParameter): Name = "Value"; Value = ""; VariantName = "[No Variations]"
Added Component: Designator=C36(CAPC1005X55N)
Add component (AddParameter): Name = "Check_prices"; Value = "https://www.snapeda.com/parts/C2012X6S1C106K125AC/TDK-Lambda+Americas+Inc/view-part/?ref=eda"; VariantName = "[No Variations]"
Add component (AddParameter): Name = "Digi-Key_Part_Number"; Value = ""; VariantName = "[No Variations]"
Add component (AddParameter): Name = "MF"; Value = "TDK"; VariantName = "[No Variations]"
Add component (AddParameter): Name = "MP"; Value = "C2012X6S1C106K125AC"; VariantName = "[No Variations]"
Add component (AddParameter): Name = "Package"; Value = "2012 TDK"; VariantName = "[No Variations]"
Add component (AddParameter): Name = "Purchase-URL"; Value = "https://pricing.snapeda.com/search/part/C2012X6S1C106K125AC/?ref=eda"; VariantName = "[No Variations]"
Add component (AddParameter): Name = "SnapEDA_Link"; Value = "https://www.snapeda.com/parts/C2012X6S1C106K125AC/TDK-Lambda+Americas+Inc/view-part/?ref=snap"; VariantName = "[No Variations]"
Add component (AddParameter): Name = "Value"; Value = ""; VariantName = "[No Variations]"
Added Component: Designator=C37(CAPC1005X55N)
Add component (AddParameter): Name = "Check_prices"; Value = "https://www.snapeda.com/parts/C2012X6S1C106K125AC/TDK-Lambda+Americas+Inc/view-part/?ref=eda"; VariantName = "[No Variations]"
Add component (AddParameter): Name = "Digi-Key_Part_Number"; Value = ""; VariantName = "[No Variations]"
Add component (AddParameter): Name = "MF"; Value = "TDK"; VariantName = "[No Variations]"
Add component (AddParameter): Name = "MP"; Value = "C2012X6S1C106K125AC"; VariantName = "[No Variations]"
Add component (AddParameter): Name = "Package"; Value = "2012 TDK"; VariantName = "[No Variations]"
Add component (AddParameter): Name = "Purchase-URL"; Value = "https://pricing.snapeda.com/search/part/C2012X6S1C106K125AC/?ref=eda"; VariantName = "[No Variations]"
Add component (AddParameter): Name = "SnapEDA_Link"; Value = "https://www.snapeda.com/parts/C2012X6S1C106K125AC/TDK-Lambda+Americas+Inc/view-part/?ref=snap"; VariantName = "[No Variations]"
Add component (AddParameter): Name = "Value"; Value = ""; VariantName = "[No Variations]"
Added Component: Designator=C38(CAPC1005X55N)
Add component (AddParameter): Name = "Check_prices"; Value = "https://www.snapeda.com/parts/C2012X6S1C106K125AC/TDK-Lambda+Americas+Inc/view-part/?ref=eda"; VariantName = "[No Variations]"
Add component (AddParameter): Name = "Digi-Key_Part_Number"; Value = ""; VariantName = "[No Variations]"
Add component (AddParameter): Name = "MF"; Value = "TDK"; VariantName = "[No Variations]"
Add component (AddParameter): Name = "MP"; Value = "C2012X6S1C106K125AC"; VariantName = "[No Variations]"
Add component (AddParameter): Name = "Package"; Value = "2012 TDK"; VariantName = "[No Variations]"
Add component (AddParameter): Name = "Purchase-URL"; Value = "https://pricing.snapeda.com/search/part/C2012X6S1C106K125AC/?ref=eda"; VariantName = "[No Variations]"
Add component (AddParameter): Name = "SnapEDA_Link"; Value = "https://www.snapeda.com/parts/C2012X6S1C106K125AC/TDK-Lambda+Americas+Inc/view-part/?ref=snap"; VariantName = "[No Variations]"
Add component (AddParameter): Name = "Value"; Value = ""; VariantName = "[No Variations]"
Added Component: Designator=C39(CAPC1005X55N)
Add component (AddParameter): Name = "Check_prices"; Value = "https://www.snapeda.com/parts/C2012X6S1C106K125AC/TDK-Lambda+Americas+Inc/view-part/?ref=eda"; VariantName = "[No Variations]"
Add component (AddParameter): Name = "Digi-Key_Part_Number"; Value = ""; VariantName = "[No Variations]"
Add component (AddParameter): Name = "MF"; Value = "TDK"; VariantName = "[No Variations]"
Add component (AddParameter): Name = "MP"; Value = "C2012X6S1C106K125AC"; VariantName = "[No Variations]"
Add component (AddParameter): Name = "Package"; Value = "2012 TDK"; VariantName = "[No Variations]"
Add component (AddParameter): Name = "Purchase-URL"; Value = "https://pricing.snapeda.com/search/part/C2012X6S1C106K125AC/?ref=eda"; VariantName = "[No Variations]"
Add component (AddParameter): Name = "SnapEDA_Link"; Value = "https://www.snapeda.com/parts/C2012X6S1C106K125AC/TDK-Lambda+Americas+Inc/view-part/?ref=snap"; VariantName = "[No Variations]"
Add component (AddParameter): Name = "Value"; Value = ""; VariantName = "[No Variations]"
Added Component: Designator=C40(CAPC1005X55N)
Add component (AddParameter): Name = "Check_prices"; Value = "https://www.snapeda.com/parts/C2012X6S1C106K125AC/TDK-Lambda+Americas+Inc/view-part/?ref=eda"; VariantName = "[No Variations]"
Add component (AddParameter): Name = "Digi-Key_Part_Number"; Value = ""; VariantName = "[No Variations]"
Add component (AddParameter): Name = "MF"; Value = "TDK"; VariantName = "[No Variations]"
Add component (AddParameter): Name = "MP"; Value = "C2012X6S1C106K125AC"; VariantName = "[No Variations]"
Add component (AddParameter): Name = "Package"; Value = "2012 TDK"; VariantName = "[No Variations]"
Add component (AddParameter): Name = "Purchase-URL"; Value = "https://pricing.snapeda.com/search/part/C2012X6S1C106K125AC/?ref=eda"; VariantName = "[No Variations]"
Add component (AddParameter): Name = "SnapEDA_Link"; Value = "https://www.snapeda.com/parts/C2012X6S1C106K125AC/TDK-Lambda+Americas+Inc/view-part/?ref=snap"; VariantName = "[No Variations]"
Add component (AddParameter): Name = "Value"; Value = ""; VariantName = "[No Variations]"
Add Component: Footprint Not Found CAPC1005X55N
Added Component: Designator=D1(SOT96P237X111-3N)
Add component (AddParameter): Name = "Arrow Part Number"; Value = "MMBZ5242BLT3G"; VariantName = "[No Variations]"
Add component (AddParameter): Name = "Arrow Price/Stock"; Value = "https://www.arrow.com/en/products/mmbz5242blt3g/on-semiconductor?utm_currency=USD&region=nac"; VariantName = "[No Variations]"
Add component (AddParameter): Name = "Datasheet Link"; Value = "https://www.onsemi.com/pub/Collateral/MMBZ5221BLT1-D.PDF"; VariantName = "[No Variations]"
Add component (AddParameter): Name = "Geometry.Height"; Value = "1.11mm"; VariantName = "[No Variations]"
Add component (AddParameter): Name = "Manufacturer_Name"; Value = "onsemi"; VariantName = "[No Variations]"
Add component (AddParameter): Name = "Manufacturer_Part_Number"; Value = "MMBZ5242BLT3G"; VariantName = "[No Variations]"
Add component (AddParameter): Name = "Mouser Part Number"; Value = "863-MMBZ5242BLT3G"; VariantName = "[No Variations]"
Add component (AddParameter): Name = "Mouser Price/Stock"; Value = "https://www.mouser.co.uk/ProductDetail/onsemi/MMBZ5242BLT3G?qs=P4IOph%252Bbot8zm7%252BOlKh6Qw%3D%3D"; VariantName = "[No Variations]"
Added Component: Designator=D2(0603)
Add component (AddParameter): Name = "Availability"; Value = "Unavailable"; VariantName = "[No Variations]"
Add component (AddParameter): Name = "MF"; Value = "Lite-On Inc."; VariantName = "[No Variations]"
Add component (AddParameter): Name = "MP"; Value = "LTST-S270KGKT"; VariantName = "[No Variations]"
Add component (AddParameter): Name = "Package"; Value = "0603 Lite-On"; VariantName = "[No Variations]"
Add component (AddParameter): Name = "Price"; Value = "None"; VariantName = "[No Variations]"
Add component (AddParameter): Name = "SnapEDA_Link"; Value = "https://www.snapeda.com/parts/LTST-S270KGKT/Lite-On%20Inc./view-part/268457/?ref=snap"; VariantName = "[No Variations]"
Add component (AddParameter): Name = "Value"; Value = ""; VariantName = "[No Variations]"
Added Component: Designator=D3(SOT96P240X115-3N)
Add component (AddParameter): Name = "Arrow Part Number"; Value = "BAT54C-7-F"; VariantName = "[No Variations]"
Add component (AddParameter): Name = "Arrow Price/Stock"; Value = "https://www.arrow.com/en/products/bat54c-7-f/diodes-incorporated?utm_currency=USD&region=nac"; VariantName = "[No Variations]"
Add component (AddParameter): Name = "Datasheet Link"; Value = "https://www.diodes.com//assets/Datasheets/BAT54_A_C_S.pdf"; VariantName = "[No Variations]"
Add component (AddParameter): Name = "Geometry.Height"; Value = "1.15mm"; VariantName = "[No Variations]"
Add component (AddParameter): Name = "Manufacturer_Name"; Value = "Diodes Incorporated"; VariantName = "[No Variations]"
Add component (AddParameter): Name = "Manufacturer_Part_Number"; Value = "BAT54C-7-F"; VariantName = "[No Variations]"
Add component (AddParameter): Name = "Mouser Part Number"; Value = "621-BAT54C-F"; VariantName = "[No Variations]"
Add component (AddParameter): Name = "Mouser Price/Stock"; Value = "https://www.mouser.co.uk/ProductDetail/Diodes-Incorporated/BAT54C-7-F?qs=A%2FGeX6qn32NJhN9M%2F3GNcA%3D%3D"; VariantName = "[No Variations]"
Added Component: Designator=D4(0603)
Add component (AddParameter): Name = "Availability"; Value = "Unavailable"; VariantName = "[No Variations]"
Add component (AddParameter): Name = "MF"; Value = "{'manufacturer': u'Lite-On Inc.'}"; VariantName = "[No Variations]"
Add component (AddParameter): Name = "MP"; Value = "LTST-S270KRKT"; VariantName = "[No Variations]"
Add component (AddParameter): Name = "Package"; Value = "None"; VariantName = "[No Variations]"
Add component (AddParameter): Name = "Price"; Value = "None"; VariantName = "[No Variations]"
Add component (AddParameter): Name = "Value"; Value = ""; VariantName = "[No Variations]"
Added Component: Designator=J1(HDRV40W66P254_2X20_5080X500X890P)
Add component (AddParameter): Name = "Arrow Part Number"; Value = ""; VariantName = "[No Variations]"
Add component (AddParameter): Name = "Arrow Price/Stock"; Value = ""; VariantName = "[No Variations]"
Add component (AddParameter): Name = "Datasheet Link"; Value = "https://datasheet.octopart.com/THD-20-R-Valcon-datasheet-116534095.pdf"; VariantName = "[No Variations]"
Add component (AddParameter): Name = "Geometry.Height"; Value = "8.9mm"; VariantName = "[No Variations]"
Add component (AddParameter): Name = "Manufacturer_Name"; Value = "valcon"; VariantName = "[No Variations]"
Add component (AddParameter): Name = "Manufacturer_Part_Number"; Value = "THD-20-R"; VariantName = "[No Variations]"
Add component (AddParameter): Name = "Mouser Part Number"; Value = ""; VariantName = "[No Variations]"
Add component (AddParameter): Name = "Mouser Price/Stock"; Value = ""; VariantName = "[No Variations]"
Added Component: Designator=J2(MAGJACKA70112331N126)
Add component (AddParameter): Name = "Arrow Part Number"; Value = ""; VariantName = "[No Variations]"
Add component (AddParameter): Name = "Arrow Price/Stock"; Value = ""; VariantName = "[No Variations]"
Add component (AddParameter): Name = "Datasheet Link"; Value = "http://www.link-pp.com/upload/file/20180411/20180411182938293829.pdf"; VariantName = "[No Variations]"
Add component (AddParameter): Name = "Geometry.Height"; Value = "13.3mm"; VariantName = "[No Variations]"
Add component (AddParameter): Name = "Manufacturer_Name"; Value = "Bel Magnetic Solutions"; VariantName = "[No Variations]"
Add component (AddParameter): Name = "Manufacturer_Part_Number"; Value = "MAGJACK-A70-112-331N126"; VariantName = "[No Variations]"
Add component (AddParameter): Name = "Mouser Part Number"; Value = ""; VariantName = "[No Variations]"
Add component (AddParameter): Name = "Mouser Price/Stock"; Value = ""; VariantName = "[No Variations]"
Added Component: Designator=J3(GCT_DCJ200-10-A-XX-K_REVA)
Add component (AddParameter): Name = "Check_prices"; Value = "https://www.snapeda.com/parts/DCJ200-10-A-K1-K/Global+Connector+Technology/view-part/?ref=eda"; VariantName = "[No Variations]"
Add component (AddParameter): Name = "MF"; Value = "Global Connector Technology"; VariantName = "[No Variations]"
Add component (AddParameter): Name = "MP"; Value = "DCJ200-10-A-K1-K"; VariantName = "[No Variations]"
Add component (AddParameter): Name = "Package"; Value = "None"; VariantName = "[No Variations]"
Add component (AddParameter): Name = "SnapEDA_Link"; Value = "https://www.snapeda.com/parts/DCJ200-10-A-K1-K/Global+Connector+Technology/view-part/?ref=snap"; VariantName = "[No Variations]"
Add component (AddParameter): Name = "Value"; Value = ""; VariantName = "[No Variations]"
Added Component: Designator=J4(MICROSDCARD)
Add component (AddParameter): Name = "Arrow Part Number"; Value = ""; VariantName = "[No Variations]"
Add component (AddParameter): Name = "Arrow Price/Stock"; Value = ""; VariantName = "[No Variations]"
Add component (AddParameter): Name = "Datasheet Link"; Value = "https://www.olimex.com/Products/Components/Connectors/MICRO-SD-CARD/resources/MICRO-SDCARD-1.jpg"; VariantName = "[No Variations]"
Add component (AddParameter): Name = "Geometry.Height"; Value = "2mm"; VariantName = "[No Variations]"
Add component (AddParameter): Name = "Manufacturer_Name"; Value = "Olimex Ltd."; VariantName = "[No Variations]"
Add component (AddParameter): Name = "Manufacturer_Part_Number"; Value = "MICRO-SD-CARD"; VariantName = "[No Variations]"
Add component (AddParameter): Name = "Mouser Part Number"; Value = "N/A"; VariantName = "[No Variations]"
Add component (AddParameter): Name = "Mouser Price/Stock"; Value = "https://www.mouser.co.uk/ProductDetail/Olimex-Ltd/MICRO-SD-CARD?qs=Rp5uXu7WBW8fXUZTWj6z0w%3D%3D"; VariantName = "[No Variations]"
Added Component: Designator=J5(EDAC_690-005-299-043)
Add component (AddParameter): Name = "Availability"; Value = "Good"; VariantName = "[No Variations]"
Add component (AddParameter): Name = "Check_prices"; Value = "https://www.snapeda.com/parts/690-005-299-043/EDAC%20Inc./view-part/347309/?ref=eda"; VariantName = "[No Variations]"
Add component (AddParameter): Name = "MF"; Value = "EDAC Inc."; VariantName = "[No Variations]"
Add component (AddParameter): Name = "MP"; Value = "690-005-299-043"; VariantName = "[No Variations]"
Add component (AddParameter): Name = "Package"; Value = "None"; VariantName = "[No Variations]"
Add component (AddParameter): Name = "Price"; Value = "None"; VariantName = "[No Variations]"
Add component (AddParameter): Name = "Purchase-URL"; Value = "https://pricing.snapeda.com/search/part/690-005-299-043/?ref=eda"; VariantName = "[No Variations]"
Add component (AddParameter): Name = "SnapEDA_Link"; Value = "https://www.snapeda.com/parts/690-005-299-043/EDAC%20Inc./view-part/347309/?ref=snap"; VariantName = "[No Variations]"
Add component (AddParameter): Name = "Value"; Value = ""; VariantName = "[No Variations]"
Added Component: Designator=J6(MOLEX_67298-4090)
Add component (AddParameter): Name = "Availability"; Value = "In Stock"; VariantName = "[No Variations]"
Add component (AddParameter): Name = "Check_prices"; Value = "https://www.snapeda.com/parts/67298-4090/Molex/view-part/?ref=eda"; VariantName = "[No Variations]"
Add component (AddParameter): Name = "MF"; Value = "Molex"; VariantName = "[No Variations]"
Add component (AddParameter): Name = "MP"; Value = "67298-4090"; VariantName = "[No Variations]"
Add component (AddParameter): Name = "Package"; Value = "None"; VariantName = "[No Variations]"
Add component (AddParameter): Name = "Price"; Value = "None"; VariantName = "[No Variations]"
Add component (AddParameter): Name = "Purchase-URL"; Value = "https://pricing.snapeda.com/search/part/67298-4090/?ref=eda"; VariantName = "[No Variations]"
Add component (AddParameter): Name = "SnapEDA_Link"; Value = "https://www.snapeda.com/parts/67298-4090/Molex/view-part/?ref=snap"; VariantName = "[No Variations]"
Add component (AddParameter): Name = "Value"; Value = ""; VariantName = "[No Variations]"
Added Component: Designator=L1(SRN6045TA330M)
Add component (AddParameter): Name = "Arrow Part Number"; Value = "SRN6045TA-3R3Y"; VariantName = "[No Variations]"
Add component (AddParameter): Name = "Arrow Price/Stock"; Value = "https://www.arrow.com/en/products/srn6045ta-3r3y/bourns?utm_currency=USD&region=europe"; VariantName = "[No Variations]"
Add component (AddParameter): Name = "Datasheet Link"; Value = "http://www.bourns.com/docs/Product-Datasheets/SRN6045TA.pdf"; VariantName = "[No Variations]"
Add component (AddParameter): Name = "Geometry.Height"; Value = "4.5mm"; VariantName = "[No Variations]"
Add component (AddParameter): Name = "Manufacturer_Name"; Value = "Bourns"; VariantName = "[No Variations]"
Add component (AddParameter): Name = "Manufacturer_Part_Number"; Value = "SRN6045TA-3R3Y"; VariantName = "[No Variations]"
Add component (AddParameter): Name = "Mouser Part Number"; Value = "652-SRN6045TA-3R3Y"; VariantName = "[No Variations]"
Add component (AddParameter): Name = "Mouser Price/Stock"; Value = "https://www.mouser.co.uk/ProductDetail/Bourns/SRN6045TA-3R3Y?qs=Vt59ZOdFuWZ4MyJAxNBCDg%3D%3D"; VariantName = "[No Variations]"
Added Component: Designator=P1(HDR1X4)
Add component (AddParameter): Name = "LatestRevisionDate"; Value = "17-Jul-2002"; VariantName = "[No Variations]"
Add component (AddParameter): Name = "LatestRevisionNote"; Value = "Re-released for DXP Platform."; VariantName = "[No Variations]"
Add component (AddParameter): Name = "Publisher"; Value = "Altium Limited"; VariantName = "[No Variations]"
Added Component: Designator=P2(HDR2X2)
Add component (AddParameter): Name = "LatestRevisionDate"; Value = "17-Jul-2002"; VariantName = "[No Variations]"
Add component (AddParameter): Name = "LatestRevisionNote"; Value = "Re-released for DXP Platform."; VariantName = "[No Variations]"
Add component (AddParameter): Name = "Publisher"; Value = "Altium Limited"; VariantName = "[No Variations]"
Added Component: Designator=P3(HDR1X3)
Add component (AddParameter): Name = "LatestRevisionDate"; Value = "17-Jul-2002"; VariantName = "[No Variations]"
Add component (AddParameter): Name = "LatestRevisionNote"; Value = "Re-released for DXP Platform."; VariantName = "[No Variations]"
Add component (AddParameter): Name = "Publisher"; Value = "Altium Limited"; VariantName = "[No Variations]"
Added Component: Designator=P4(HDR1X3)
Add component (AddParameter): Name = "LatestRevisionDate"; Value = "17-Jul-2002"; VariantName = "[No Variations]"
Add component (AddParameter): Name = "LatestRevisionNote"; Value = "Re-released for DXP Platform."; VariantName = "[No Variations]"
Add component (AddParameter): Name = "Publisher"; Value = "Altium Limited"; VariantName = "[No Variations]"
Added Component: Designator=P5(HDR1X4)
Add component (AddParameter): Name = "LatestRevisionDate"; Value = "17-Jul-2002"; VariantName = "[No Variations]"
Add component (AddParameter): Name = "LatestRevisionNote"; Value = "Re-released for DXP Platform."; VariantName = "[No Variations]"
Add component (AddParameter): Name = "Publisher"; Value = "Altium Limited"; VariantName = "[No Variations]"
Added Component: Designator=P6(HDR2X7)
Add component (AddParameter): Name = "LatestRevisionDate"; Value = "17-Jul-2002"; VariantName = "[No Variations]"
Add component (AddParameter): Name = "LatestRevisionNote"; Value = "Re-released for DXP Platform."; VariantName = "[No Variations]"
Add component (AddParameter): Name = "Publisher"; Value = "Altium Limited"; VariantName = "[No Variations]"
Added Component: Designator=P7(HDR2X5)
Add component (AddParameter): Name = "LatestRevisionDate"; Value = "17-Jul-2002"; VariantName = "[No Variations]"
Add component (AddParameter): Name = "LatestRevisionNote"; Value = "Re-released for DXP Platform."; VariantName = "[No Variations]"
Add component (AddParameter): Name = "Publisher"; Value = "Altium Limited"; VariantName = "[No Variations]"
Added Component: Designator=R1(RESC2012X65N)
Add component (AddParameter): Name = "Availability"; Value = "Unavailable"; VariantName = "[No Variations]"
Add component (AddParameter): Name = "MF"; Value = ""; VariantName = "[No Variations]"
Add component (AddParameter): Name = "MP"; Value = "CPF0402B12K1E1"; VariantName = "[No Variations]"
Add component (AddParameter): Name = "Package"; Value = "None"; VariantName = "[No Variations]"
Add component (AddParameter): Name = "Price"; Value = "None"; VariantName = "[No Variations]"
Add component (AddParameter): Name = "Value"; Value = ""; VariantName = "[No Variations]"
Added Component: Designator=R2(RESC1005X35N)
Add component (AddParameter): Name = "Availability"; Value = "Unavailable"; VariantName = "[No Variations]"
Add component (AddParameter): Name = "MF"; Value = ""; VariantName = "[No Variations]"
Add component (AddParameter): Name = "MP"; Value = "CPF0402B1K1E1"; VariantName = "[No Variations]"
Add component (AddParameter): Name = "Package"; Value = "None"; VariantName = "[No Variations]"
Add component (AddParameter): Name = "Price"; Value = "None"; VariantName = "[No Variations]"
Add component (AddParameter): Name = "Value"; Value = ""; VariantName = "[No Variations]"
Added Component: Designator=R3(RESC2012X65N)
Add component (AddParameter): Name = "Availability"; Value = "Unavailable"; VariantName = "[No Variations]"
Add component (AddParameter): Name = "MF"; Value = ""; VariantName = "[No Variations]"
Add component (AddParameter): Name = "MP"; Value = "CPF0402B470RE1"; VariantName = "[No Variations]"
Add component (AddParameter): Name = "Package"; Value = "None"; VariantName = "[No Variations]"
Add component (AddParameter): Name = "Price"; Value = "None"; VariantName = "[No Variations]"
Add component (AddParameter): Name = "Value"; Value = ""; VariantName = "[No Variations]"
Added Component: Designator=R4(RESC2012X65N)
Add component (AddParameter): Name = "Availability"; Value = "Unavailable"; VariantName = "[No Variations]"
Add component (AddParameter): Name = "MF"; Value = ""; VariantName = "[No Variations]"
Add component (AddParameter): Name = "MP"; Value = "CPF0402B470RE1"; VariantName = "[No Variations]"
Add component (AddParameter): Name = "Package"; Value = "None"; VariantName = "[No Variations]"
Add component (AddParameter): Name = "Price"; Value = "None"; VariantName = "[No Variations]"
Add component (AddParameter): Name = "Value"; Value = ""; VariantName = "[No Variations]"
Add Component: Footprint Not Found RESC2012X65N
Add Component: Footprint Not Found RESC2012X65N
Added Component: Designator=R7(RESC1005X35N)
Add component (AddParameter): Name = "Availability"; Value = "Unavailable"; VariantName = "[No Variations]"
Add component (AddParameter): Name = "MF"; Value = ""; VariantName = "[No Variations]"
Add component (AddParameter): Name = "MP"; Value = "CPF0402B1K1E1"; VariantName = "[No Variations]"
Add component (AddParameter): Name = "Package"; Value = "None"; VariantName = "[No Variations]"
Add component (AddParameter): Name = "Price"; Value = "None"; VariantName = "[No Variations]"
Add component (AddParameter): Name = "Value"; Value = ""; VariantName = "[No Variations]"
Added Component: Designator=R8(RESC2012X65N)
Add component (AddParameter): Name = "Availability"; Value = "Unavailable"; VariantName = "[No Variations]"
Add component (AddParameter): Name = "MF"; Value = ""; VariantName = "[No Variations]"
Add component (AddParameter): Name = "MP"; Value = "CPF0402B12K1E1"; VariantName = "[No Variations]"
Add component (AddParameter): Name = "Package"; Value = "None"; VariantName = "[No Variations]"
Add component (AddParameter): Name = "Price"; Value = "None"; VariantName = "[No Variations]"
Add component (AddParameter): Name = "Value"; Value = ""; VariantName = "[No Variations]"
Added Component: Designator=R9(RESC1005X35N)
Add component (AddParameter): Name = "Availability"; Value = "Unavailable"; VariantName = "[No Variations]"
Add component (AddParameter): Name = "MF"; Value = ""; VariantName = "[No Variations]"
Add component (AddParameter): Name = "MP"; Value = "CPF0402B1K1E1"; VariantName = "[No Variations]"
Add component (AddParameter): Name = "Package"; Value = "None"; VariantName = "[No Variations]"
Add component (AddParameter): Name = "Price"; Value = "None"; VariantName = "[No Variations]"
Add component (AddParameter): Name = "Value"; Value = ""; VariantName = "[No Variations]"
Added Component: Designator=R10(RESC1005X35N)
Add component (AddParameter): Name = "Availability"; Value = "Unavailable"; VariantName = "[No Variations]"
Add component (AddParameter): Name = "MF"; Value = ""; VariantName = "[No Variations]"
Add component (AddParameter): Name = "MP"; Value = "CPF0402B1K1E1"; VariantName = "[No Variations]"
Add component (AddParameter): Name = "Package"; Value = "None"; VariantName = "[No Variations]"
Add component (AddParameter): Name = "Price"; Value = "None"; VariantName = "[No Variations]"
Add component (AddParameter): Name = "Value"; Value = ""; VariantName = "[No Variations]"
Added Component: Designator=R11(RESC1005X35N)
Add component (AddParameter): Name = "Availability"; Value = "Unavailable"; VariantName = "[No Variations]"
Add component (AddParameter): Name = "MF"; Value = ""; VariantName = "[No Variations]"
Add component (AddParameter): Name = "MP"; Value = "CPF0402B1K1E1"; VariantName = "[No Variations]"
Add component (AddParameter): Name = "Package"; Value = "None"; VariantName = "[No Variations]"
Add component (AddParameter): Name = "Price"; Value = "None"; VariantName = "[No Variations]"
Add component (AddParameter): Name = "Value"; Value = ""; VariantName = "[No Variations]"
Added Component: Designator=R12(RESC1005X35N)
Add component (AddParameter): Name = "Availability"; Value = "Unavailable"; VariantName = "[No Variations]"
Add component (AddParameter): Name = "MF"; Value = ""; VariantName = "[No Variations]"
Add component (AddParameter): Name = "MP"; Value = "CPF0402B1K1E1"; VariantName = "[No Variations]"
Add component (AddParameter): Name = "Package"; Value = "None"; VariantName = "[No Variations]"
Add component (AddParameter): Name = "Price"; Value = "None"; VariantName = "[No Variations]"
Add component (AddParameter): Name = "Value"; Value = ""; VariantName = "[No Variations]"
Added Component: Designator=R13(RESC2012X65N)
Add component (AddParameter): Name = "Availability"; Value = "Unavailable"; VariantName = "[No Variations]"
Add component (AddParameter): Name = "MF"; Value = ""; VariantName = "[No Variations]"
Add component (AddParameter): Name = "MP"; Value = "CPF0402B12K1E1"; VariantName = "[No Variations]"
Add component (AddParameter): Name = "Package"; Value = "None"; VariantName = "[No Variations]"
Add component (AddParameter): Name = "Price"; Value = "None"; VariantName = "[No Variations]"
Add component (AddParameter): Name = "Value"; Value = ""; VariantName = "[No Variations]"
Added Component: Designator=R14(RESC2012X65N)
Add component (AddParameter): Name = "Availability"; Value = "Unavailable"; VariantName = "[No Variations]"
Add component (AddParameter): Name = "MF"; Value = ""; VariantName = "[No Variations]"
Add component (AddParameter): Name = "MP"; Value = "CPF0402B12K1E1"; VariantName = "[No Variations]"
Add component (AddParameter): Name = "Package"; Value = "None"; VariantName = "[No Variations]"
Add component (AddParameter): Name = "Price"; Value = "None"; VariantName = "[No Variations]"
Add component (AddParameter): Name = "Value"; Value = ""; VariantName = "[No Variations]"
Added Component: Designator=R15(RESC2012X65N)
Add component (AddParameter): Name = "Availability"; Value = "Unavailable"; VariantName = "[No Variations]"
Add component (AddParameter): Name = "MF"; Value = ""; VariantName = "[No Variations]"
Add component (AddParameter): Name = "MP"; Value = "CPF0402B12K1E1"; VariantName = "[No Variations]"
Add component (AddParameter): Name = "Package"; Value = "None"; VariantName = "[No Variations]"
Add component (AddParameter): Name = "Price"; Value = "None"; VariantName = "[No Variations]"
Add component (AddParameter): Name = "Value"; Value = ""; VariantName = "[No Variations]"
Added Component: Designator=R16(RESC2012X65N)
Add component (AddParameter): Name = "Availability"; Value = "Unavailable"; VariantName = "[No Variations]"
Add component (AddParameter): Name = "MF"; Value = ""; VariantName = "[No Variations]"
Add component (AddParameter): Name = "MP"; Value = "CPF0805B20RE1"; VariantName = "[No Variations]"
Add component (AddParameter): Name = "Package"; Value = "None"; VariantName = "[No Variations]"
Add component (AddParameter): Name = "Price"; Value = "None"; VariantName = "[No Variations]"
Add component (AddParameter): Name = "Value"; Value = ""; VariantName = "[No Variations]"
Added Component: Designator=R17(RESC2012X65N)
Add component (AddParameter): Name = "Availability"; Value = "Unavailable"; VariantName = "[No Variations]"
Add component (AddParameter): Name = "MF"; Value = ""; VariantName = "[No Variations]"
Add component (AddParameter): Name = "MP"; Value = "CPF0402B12K1E1"; VariantName = "[No Variations]"
Add component (AddParameter): Name = "Package"; Value = "None"; VariantName = "[No Variations]"
Add component (AddParameter): Name = "Price"; Value = "None"; VariantName = "[No Variations]"
Add component (AddParameter): Name = "Value"; Value = ""; VariantName = "[No Variations]"
Added Component: Designator=R18(RESC2012X65N)
Add component (AddParameter): Name = "Availability"; Value = "Unavailable"; VariantName = "[No Variations]"
Add component (AddParameter): Name = "MF"; Value = ""; VariantName = "[No Variations]"
Add component (AddParameter): Name = "MP"; Value = "CPF0402B12K1E1"; VariantName = "[No Variations]"
Add component (AddParameter): Name = "Package"; Value = "None"; VariantName = "[No Variations]"
Add component (AddParameter): Name = "Price"; Value = "None"; VariantName = "[No Variations]"
Add component (AddParameter): Name = "Value"; Value = ""; VariantName = "[No Variations]"
Add Component: Footprint Not Found RESC1005X35N
Added Component: Designator=R20(RESC2012X65N)
Add component (AddParameter): Name = "Availability"; Value = "Unavailable"; VariantName = "[No Variations]"
Add component (AddParameter): Name = "MF"; Value = ""; VariantName = "[No Variations]"
Add component (AddParameter): Name = "MP"; Value = "CPF0402B12K1E1"; VariantName = "[No Variations]"
Add component (AddParameter): Name = "Package"; Value = "None"; VariantName = "[No Variations]"
Add component (AddParameter): Name = "Price"; Value = "None"; VariantName = "[No Variations]"
Add component (AddParameter): Name = "Value"; Value = ""; VariantName = "[No Variations]"
Added Component: Designator=U1(MODULE_CM4102008)
Add component (AddParameter): Name = "Check_prices"; Value = "https://www.snapeda.com/parts/CM4102008/Raspberry+Pi/view-part/?ref=eda"; VariantName = "[No Variations]"
Add component (AddParameter): Name = "MF"; Value = "Raspberry Pi"; VariantName = "[No Variations]"
Add component (AddParameter): Name = "MP"; Value = "CM4102008"; VariantName = "[No Variations]"
Add component (AddParameter): Name = "Package"; Value = "None"; VariantName = "[No Variations]"
Add component (AddParameter): Name = "SnapEDA_Link"; Value = "https://www.snapeda.com/parts/CM4102008/Raspberry+Pi/view-part/?ref=snap"; VariantName = "[No Variations]"
Add component (AddParameter): Name = "Value"; Value = ""; VariantName = "[No Variations]"
Added Component: Designator=Y1(XTAL_CM7V-T1A-32.768KHZ-12.5PF-10PPM-TB-QC)
Add component (AddParameter): Name = "Check_prices"; Value = "https://www.snapeda.com/parts/CM7V-T1A-32.768KHZ-12.5PF-10PPM-TB-QC/Micro+Crystal/view-part/?ref=eda"; VariantName = "[No Variations]"
Add component (AddParameter): Name = "MF"; Value = "Micro Crystal"; VariantName = "[No Variations]"
Add component (AddParameter): Name = "MP"; Value = "CM7V-T1A-32.768KHZ-12.5PF-10PPM-TB-QC"; VariantName = "[No Variations]"
Add component (AddParameter): Name = "Package"; Value = "SMD-2 Micro Crystal"; VariantName = "[No Variations]"
Add component (AddParameter): Name = "SnapEDA_Link"; Value = "https://www.snapeda.com/parts/CM7V-T1A-32.768KHZ-12.5PF-10PPM-TB-QC/Micro+Crystal/view-part/?ref=snap"; VariantName = "[No Variations]"
Add component (AddParameter): Name = "Value"; Value = ""; VariantName = "[No Variations]"
Added Component: Designator=Y2(XTAL_FOXSDLF/240F-20)
Add component (AddParameter): Name = "Check_prices"; Value = "https://www.snapeda.com/parts/FOXSDLF/240F-20/Fox+Electronics/view-part/?ref=eda"; VariantName = "[No Variations]"
Add component (AddParameter): Name = "MF"; Value = "Fox Electronics"; VariantName = "[No Variations]"
Add component (AddParameter): Name = "MP"; Value = "FOXSDLF/240F-20"; VariantName = "[No Variations]"
Add component (AddParameter): Name = "Package"; Value = "HC49SD Fox Electronics"; VariantName = "[No Variations]"
Add component (AddParameter): Name = "SnapEDA_Link"; Value = "https://www.snapeda.com/parts/FOXSDLF/240F-20/Fox+Electronics/view-part/?ref=snap"; VariantName = "[No Variations]"
Add component (AddParameter): Name = "Value"; Value = ""; VariantName = "[No Variations]"
Added Pin To Net: NetName=1.8 V Pin=U1-88
Added Net: Name=1.8 V
Added Pin To Net: NetName=3.3 V Pin=B6-4
Added Pin To Net: NetName=3.3 V Pin=B7-3
Added Pin To Net: NetName=3.3 V Pin=B8-5
Added Pin To Net: NetName=3.3 V Pin=B9-5
Added Pin To Net: NetName=3.3 V Pin=B9-10
Added Pin To Net: NetName=3.3 V Pin=B9-15
Added Pin To Net: NetName=3.3 V Pin=B9-23
Added Pin To Net: NetName=3.3 V Pin=B9-27
Added Pin To Net: NetName=3.3 V Pin=B9-29
Added Pin To Net: NetName=3.3 V Pin=B9-35
Added Pin To Net: NetName=3.3 V Pin=B9-36
Added Pin To Net: NetName=3.3 V Pin=B11-1
Added Pin To Net: NetName=3.3 V Pin=C10-2
Added Pin To Net: NetName=3.3 V Pin=C11-2
Added Pin To Net: NetName=3.3 V Pin=D2-2
Added Pin To Net: NetName=3.3 V Pin=D3-2
Added Pin To Net: NetName=3.3 V Pin=D4-2
Added Pin To Net: NetName=3.3 V Pin=J1-1
Added Pin To Net: NetName=3.3 V Pin=J1-17
Added Pin To Net: NetName=3.3 V Pin=J2-15
Added Pin To Net: NetName=3.3 V Pin=J2-17
Added Pin To Net: NetName=3.3 V Pin=R7-2
Added Pin To Net: NetName=3.3 V Pin=R8-2
Added Pin To Net: NetName=3.3 V Pin=R11-2
Added Pin To Net: NetName=3.3 V Pin=R13-2
Added Pin To Net: NetName=3.3 V Pin=U1-84
Added Net: Name=3.3 V
Added Pin To Net: NetName=5 V Pin=B1-3
Added Pin To Net: NetName=5 V Pin=B2-1
Added Pin To Net: NetName=5 V Pin=B3-3
Added Pin To Net: NetName=5 V Pin=B4-4
Added Pin To Net: NetName=5 V Pin=B5-5
Added Pin To Net: NetName=5 V Pin=B6-2
Added Pin To Net: NetName=5 V Pin=B7-4
Added Pin To Net: NetName=5 V Pin=B8-3
Added Pin To Net: NetName=5 V Pin=B10-3
Added Pin To Net: NetName=5 V Pin=B10-5
Added Pin To Net: NetName=5 V Pin=B11-5
Added Pin To Net: NetName=5 V Pin=B11-10
Added Pin To Net: NetName=5 V Pin=B12-3
Added Pin To Net: NetName=5 V Pin=B12-8
Added Pin To Net: NetName=5 V Pin=B13-2
Added Pin To Net: NetName=5 V Pin=B13-3
Added Pin To Net: NetName=5 V Pin=B14-1
Added Pin To Net: NetName=5 V Pin=B14-2
Added Pin To Net: NetName=5 V Pin=BT1-P1
Added Pin To Net: NetName=5 V Pin=BT1-P2
Added Pin To Net: NetName=5 V Pin=C2-1
Added Pin To Net: NetName=5 V Pin=C2-2
Added Pin To Net: NetName=5 V Pin=C6-1
Added Pin To Net: NetName=5 V Pin=C10-1
Added Pin To Net: NetName=5 V Pin=C11-1
Added Pin To Net: NetName=5 V Pin=C20-1
Added Pin To Net: NetName=5 V Pin=C20-2
Added Pin To Net: NetName=5 V Pin=C22-1
Added Pin To Net: NetName=5 V Pin=C22-2
Added Pin To Net: NetName=5 V Pin=C23-1
Added Pin To Net: NetName=5 V Pin=C23-2
Added Pin To Net: NetName=5 V Pin=C24-1
Added Pin To Net: NetName=5 V Pin=C24-2
Added Pin To Net: NetName=5 V Pin=C25-1
Added Pin To Net: NetName=5 V Pin=C25-2
Added Pin To Net: NetName=5 V Pin=C27-1
Added Pin To Net: NetName=5 V Pin=C27-2
Added Pin To Net: NetName=5 V Pin=C28-1
Added Pin To Net: NetName=5 V Pin=C28-2
Added Pin To Net: NetName=5 V Pin=C29-1
Added Pin To Net: NetName=5 V Pin=C29-2
Added Pin To Net: NetName=5 V Pin=C30-1
Added Pin To Net: NetName=5 V Pin=C30-2
Added Pin To Net: NetName=5 V Pin=C31-1
Added Pin To Net: NetName=5 V Pin=C31-2
Added Pin To Net: NetName=5 V Pin=C32-1
Added Pin To Net: NetName=5 V Pin=C32-2
Added Pin To Net: NetName=5 V Pin=C35-2
Added Pin To Net: NetName=5 V Pin=C36-1
Added Pin To Net: NetName=5 V Pin=C36-2
Added Pin To Net: NetName=5 V Pin=C37-1
Added Pin To Net: NetName=5 V Pin=C38-1
Added Pin To Net: NetName=5 V Pin=C39-1
Added Pin To Net: NetName=5 V Pin=C40-1
Added Pin To Net: NetName=5 V Pin=D1-3
Added Pin To Net: NetName=5 V Pin=D4-1
Added Pin To Net: NetName=5 V Pin=J1-2
Added Pin To Net: NetName=5 V Pin=J1-4
Added Pin To Net: NetName=5 V Pin=J1-6
Added Pin To Net: NetName=5 V Pin=J1-9
Added Pin To Net: NetName=5 V Pin=J1-14
Added Pin To Net: NetName=5 V Pin=J1-20
Added Pin To Net: NetName=5 V Pin=J1-25
Added Pin To Net: NetName=5 V Pin=J1-30
Added Pin To Net: NetName=5 V Pin=J1-34
Added Pin To Net: NetName=5 V Pin=J1-39
Added Pin To Net: NetName=5 V Pin=J2-MH1
Added Pin To Net: NetName=5 V Pin=J2-MH2
Added Pin To Net: NetName=5 V Pin=J3-2
Added Pin To Net: NetName=5 V Pin=J3-3
Added Pin To Net: NetName=5 V Pin=J4-6
Added Pin To Net: NetName=5 V Pin=J4-G1
Added Pin To Net: NetName=5 V Pin=J5-5
Added Pin To Net: NetName=5 V Pin=J5-S1
Added Pin To Net: NetName=5 V Pin=J5-S2
Added Pin To Net: NetName=5 V Pin=J5-S3
Added Pin To Net: NetName=5 V Pin=J5-S4
Added Pin To Net: NetName=5 V Pin=J6-4
Added Pin To Net: NetName=5 V Pin=J6-8
Added Pin To Net: NetName=5 V Pin=L1-2
Added Pin To Net: NetName=5 V Pin=P1-1
Added Pin To Net: NetName=5 V Pin=P1-2
Added Pin To Net: NetName=5 V Pin=P1-3
Added Pin To Net: NetName=5 V Pin=P1-4
Added Pin To Net: NetName=5 V Pin=P3-2
Added Pin To Net: NetName=5 V Pin=P4-2
Added Pin To Net: NetName=5 V Pin=P5-1
Added Pin To Net: NetName=5 V Pin=P5-2
Added Pin To Net: NetName=5 V Pin=P6-1
Added Pin To Net: NetName=5 V Pin=P6-3
Added Pin To Net: NetName=5 V Pin=P6-7
Added Pin To Net: NetName=5 V Pin=P6-10
Added Pin To Net: NetName=5 V Pin=P6-12
Added Pin To Net: NetName=5 V Pin=P7-7
Added Pin To Net: NetName=5 V Pin=P7-8
Added Pin To Net: NetName=5 V Pin=R1-1
Added Pin To Net: NetName=5 V Pin=R9-1
Added Pin To Net: NetName=5 V Pin=R10-1
Added Pin To Net: NetName=5 V Pin=R12-2
Added Pin To Net: NetName=5 V Pin=R13-1
Added Pin To Net: NetName=5 V Pin=R15-2
Added Pin To Net: NetName=5 V Pin=R17-2
Added Pin To Net: NetName=5 V Pin=R20-2
Added Pin To Net: NetName=5 V Pin=U1-1
Added Pin To Net: NetName=5 V Pin=U1-2
Added Pin To Net: NetName=5 V Pin=U1-7
Added Pin To Net: NetName=5 V Pin=U1-8
Added Pin To Net: NetName=5 V Pin=U1-13
Added Pin To Net: NetName=5 V Pin=U1-14
Added Pin To Net: NetName=5 V Pin=U1-22
Added Pin To Net: NetName=5 V Pin=U1-23
Added Pin To Net: NetName=5 V Pin=U1-32
Added Pin To Net: NetName=5 V Pin=U1-33
Added Pin To Net: NetName=5 V Pin=U1-42
Added Pin To Net: NetName=5 V Pin=U1-43
Added Pin To Net: NetName=5 V Pin=U1-52
Added Pin To Net: NetName=5 V Pin=U1-53
Added Pin To Net: NetName=5 V Pin=U1-59
Added Pin To Net: NetName=5 V Pin=U1-60
Added Pin To Net: NetName=5 V Pin=U1-65
Added Pin To Net: NetName=5 V Pin=U1-66
Added Pin To Net: NetName=5 V Pin=U1-71
Added Pin To Net: NetName=5 V Pin=U1-74
Added Pin To Net: NetName=5 V Pin=U1-77
Added Pin To Net: NetName=5 V Pin=U1-98
Added Pin To Net: NetName=5 V Pin=U1-107
Added Pin To Net: NetName=5 V Pin=U1-108
Added Pin To Net: NetName=5 V Pin=U1-113
Added Pin To Net: NetName=5 V Pin=U1-114
Added Pin To Net: NetName=5 V Pin=U1-119
Added Pin To Net: NetName=5 V Pin=U1-120
Added Pin To Net: NetName=5 V Pin=U1-125
Added Pin To Net: NetName=5 V Pin=U1-126
Added Pin To Net: NetName=5 V Pin=U1-131
Added Pin To Net: NetName=5 V Pin=U1-132
Added Pin To Net: NetName=5 V Pin=U1-137
Added Pin To Net: NetName=5 V Pin=U1-138
Added Pin To Net: NetName=5 V Pin=U1-144
Added Pin To Net: NetName=5 V Pin=U1-150
Added Pin To Net: NetName=5 V Pin=U1-155
Added Pin To Net: NetName=5 V Pin=U1-156
Added Pin To Net: NetName=5 V Pin=U1-161
Added Pin To Net: NetName=5 V Pin=U1-162
Added Pin To Net: NetName=5 V Pin=U1-167
Added Pin To Net: NetName=5 V Pin=U1-168
Added Pin To Net: NetName=5 V Pin=U1-173
Added Pin To Net: NetName=5 V Pin=U1-174
Added Pin To Net: NetName=5 V Pin=U1-179
Added Pin To Net: NetName=5 V Pin=U1-180
Added Pin To Net: NetName=5 V Pin=U1-185
Added Pin To Net: NetName=5 V Pin=U1-186
Added Pin To Net: NetName=5 V Pin=U1-191
Added Pin To Net: NetName=5 V Pin=U1-192
Added Pin To Net: NetName=5 V Pin=U1-197
Added Pin To Net: NetName=5 V Pin=U1-198
Added Net: Name=5 V
Added Pin To Net: NetName=AIN0 Pin=P6-5
Added Pin To Net: NetName=AIN0 Pin=U1-96
Added Net: Name=AIN0
Added Pin To Net: NetName=AIN1 Pin=P6-6
Added Pin To Net: NetName=AIN1 Pin=U1-94
Added Net: Name=AIN1
Added Pin To Net: NetName=BT_DIS Pin=P3-3
Added Pin To Net: NetName=BT_DIS Pin=P4-3
Added Pin To Net: NetName=BT_DIS Pin=U1-91
Added Net: Name=BT_DIS
Added Pin To Net: NetName=EEPROM_WP Pin=P6-4
Added Pin To Net: NetName=EEPROM_WP Pin=U1-20
Added Net: Name=EEPROM_WP
Added Pin To Net: NetName=ETH_LED G Pin=R3-2
Added Pin To Net: NetName=ETH_LED G Pin=U1-17
Added Net: Name=ETH_LED G
Added Pin To Net: NetName=ETH_LED Y Pin=U1-15
Added Net: Name=ETH_LED Y
Added Pin To Net: NetName=EXTRST Pin=B9-26
Added Pin To Net: NetName=EXTRST Pin=U1-100
Added Net: Name=EXTRST
Added Pin To Net: NetName=GLOBAL_EN Pin=B5-4
Added Pin To Net: NetName=GLOBAL_EN Pin=P6-14
Added Pin To Net: NetName=GLOBAL_EN Pin=U1-99
Added Net: Name=GLOBAL_EN
Added Pin To Net: NetName=GPIO2 Pin=J1-3
Added Pin To Net: NetName=GPIO2 Pin=U1-58
Added Net: Name=GPIO2
Added Pin To Net: NetName=GPIO3 Pin=J1-5
Added Pin To Net: NetName=GPIO3 Pin=U1-56
Added Net: Name=GPIO3
Added Pin To Net: NetName=GPIO4 Pin=J1-7
Added Pin To Net: NetName=GPIO4 Pin=U1-54
Added Net: Name=GPIO4
Added Pin To Net: NetName=GPIO5 Pin=J1-29
Added Pin To Net: NetName=GPIO5 Pin=U1-34
Added Net: Name=GPIO5
Added Pin To Net: NetName=GPIO6 Pin=J1-31
Added Pin To Net: NetName=GPIO6 Pin=U1-30
Added Net: Name=GPIO6
Added Pin To Net: NetName=GPIO7 Pin=J1-26
Added Pin To Net: NetName=GPIO7 Pin=U1-37
Added Net: Name=GPIO7
Added Pin To Net: NetName=GPIO8 Pin=J1-24
Added Pin To Net: NetName=GPIO8 Pin=U1-39
Added Net: Name=GPIO8
Added Pin To Net: NetName=GPIO9 Pin=J1-21
Added Pin To Net: NetName=GPIO9 Pin=U1-40
Added Net: Name=GPIO9
Added Pin To Net: NetName=GPIO10 Pin=J1-19
Added Pin To Net: NetName=GPIO10 Pin=U1-44
Added Net: Name=GPIO10
Added Pin To Net: NetName=GPIO11 Pin=J1-23
Added Pin To Net: NetName=GPIO11 Pin=U1-38
Added Net: Name=GPIO11
Added Pin To Net: NetName=GPIO12 Pin=J1-32
Added Pin To Net: NetName=GPIO12 Pin=U1-31
Added Net: Name=GPIO12
Added Pin To Net: NetName=GPIO13 Pin=J1-33
Added Pin To Net: NetName=GPIO13 Pin=U1-28
Added Net: Name=GPIO13
Added Pin To Net: NetName=GPIO14 Pin=J1-8
Added Pin To Net: NetName=GPIO14 Pin=U1-55
Added Net: Name=GPIO14
Added Pin To Net: NetName=GPIO15 Pin=J1-10
Added Pin To Net: NetName=GPIO15 Pin=U1-51
Added Net: Name=GPIO15
Added Pin To Net: NetName=GPIO16 Pin=J1-36
Added Pin To Net: NetName=GPIO16 Pin=U1-29
Added Net: Name=GPIO16
Added Pin To Net: NetName=GPIO17 Pin=J1-11
Added Pin To Net: NetName=GPIO17 Pin=U1-50
Added Net: Name=GPIO17
Added Pin To Net: NetName=GPIO18 Pin=J1-12
Added Pin To Net: NetName=GPIO18 Pin=U1-49
Added Net: Name=GPIO18
Added Pin To Net: NetName=GPIO19 Pin=J1-35
Added Pin To Net: NetName=GPIO19 Pin=U1-26
Added Net: Name=GPIO19
Added Pin To Net: NetName=GPIO20 Pin=J1-38
Added Pin To Net: NetName=GPIO20 Pin=U1-27
Added Net: Name=GPIO20
Added Pin To Net: NetName=GPIO21 Pin=J1-40
Added Pin To Net: NetName=GPIO21 Pin=U1-25
Added Net: Name=GPIO21
Added Pin To Net: NetName=GPIO22 Pin=J1-15
Added Pin To Net: NetName=GPIO22 Pin=U1-46
Added Net: Name=GPIO22
Added Pin To Net: NetName=GPIO23 Pin=J1-16
Added Pin To Net: NetName=GPIO23 Pin=U1-47
Added Net: Name=GPIO23
Added Pin To Net: NetName=GPIO24 Pin=J1-18
Added Pin To Net: NetName=GPIO24 Pin=U1-45
Added Net: Name=GPIO24
Added Pin To Net: NetName=GPIO25 Pin=J1-22
Added Pin To Net: NetName=GPIO25 Pin=U1-41
Added Net: Name=GPIO25
Added Pin To Net: NetName=GPIO26 Pin=J1-37
Added Pin To Net: NetName=GPIO26 Pin=U1-24
Added Net: Name=GPIO26
Added Pin To Net: NetName=GPIO27 Pin=J1-13
Added Pin To Net: NetName=GPIO27 Pin=U1-48
Added Net: Name=GPIO27
Added Pin To Net: NetName=GPIO_VREF Pin=U1-78
Added Net: Name=GPIO_VREF
Added Pin To Net: NetName=HD1_N Pin=B9-1
Added Pin To Net: NetName=HD1_N Pin=J6-2
Added Net: Name=HD1_N
Added Pin To Net: NetName=HD1_P Pin=B9-2
Added Pin To Net: NetName=HD1_P Pin=J6-3
Added Net: Name=HD1_P
Added Pin To Net: NetName=HD2_N Pin=B9-3
Added Pin To Net: NetName=HD2_N Pin=J6-6
Added Net: Name=HD2_N
Added Pin To Net: NetName=HD2_P Pin=B9-4
Added Pin To Net: NetName=HD2_P Pin=J6-7
Added Net: Name=HD2_P
Added Pin To Net: NetName=HD3_N Pin=B9-6
Added Pin To Net: NetName=HD3_N Pin=P7-3
Added Net: Name=HD3_N
Added Pin To Net: NetName=HD3_P Pin=B9-7
Added Pin To Net: NetName=HD3_P Pin=P7-5
Added Net: Name=HD3_P
Added Pin To Net: NetName=HD4_N Pin=B9-8
Added Pin To Net: NetName=HD4_N Pin=P7-4
Added Net: Name=HD4_N
Added Pin To Net: NetName=HD4_P Pin=B9-9
Added Pin To Net: NetName=HD4_P Pin=P7-6
Added Net: Name=HD4_P
Added Pin To Net: NetName=ID_SC Pin=J1-28
Added Pin To Net: NetName=ID_SC Pin=U1-35
Added Net: Name=ID_SC
Added Pin To Net: NetName=ID_SD Pin=J1-27
Added Pin To Net: NetName=ID_SD Pin=U1-36
Added Net: Name=ID_SD
Added Pin To Net: NetName=NetB2_4 Pin=B2-4
Added Pin To Net: NetName=NetB2_4 Pin=D1-1
Added Pin To Net: NetName=NetB2_4 Pin=R1-2
Added Net: Name=NetB2_4
Added Pin To Net: NetName=NetB2_5 Pin=B2-5
Added Pin To Net: NetName=NetB2_5 Pin=J3-1
Added Net: Name=NetB2_5
Added Pin To Net: NetName=NetB4_1 Pin=B4-1
Added Pin To Net: NetName=NetB4_1 Pin=Y1-2
Added Net: Name=NetB4_1
Added Pin To Net: NetName=NetB4_2 Pin=B4-2
Added Pin To Net: NetName=NetB4_2 Pin=Y1-1
Added Net: Name=NetB4_2
Added Pin To Net: NetName=NetB4_8 Pin=B4-8
Added Pin To Net: NetName=NetB4_8 Pin=D3-3
Added Net: Name=NetB4_8
Added Pin To Net: NetName=NetB5_2 Pin=B5-2
Added Pin To Net: NetName=NetB5_2 Pin=R10-2
Added Net: Name=NetB5_2
Added Pin To Net: NetName=NetB7_5 Pin=B7-5
Added Pin To Net: NetName=NetB7_5 Pin=P5-4
Added Net: Name=NetB7_5
Added Pin To Net: NetName=NetB7_6 Pin=B7-6
Added Pin To Net: NetName=NetB7_6 Pin=P5-3
Added Pin To Net: NetName=NetB7_6 Pin=R11-1
Added Net: Name=NetB7_6
Added Pin To Net: NetName=NetB8_4 Pin=B8-4
Added Pin To Net: NetName=NetB8_4 Pin=R12-1
Added Net: Name=NetB8_4
Added Pin To Net: NetName=NetB10_4 Pin=B10-4
Added Pin To Net: NetName=NetB10_4 Pin=P6-13
Added Net: Name=NetB10_4
Added Pin To Net: NetName=NetB13_1 Pin=B13-1
Added Net: Name=NetB13_1
Added Pin To Net: NetName=NetB13_4 Pin=B13-4
Added Net: Name=NetB13_4
Added Pin To Net: NetName=NetB13_5 Pin=B13-5
Added Pin To Net: NetName=NetB13_5 Pin=R17-1
Added Net: Name=NetB13_5
Added Pin To Net: NetName=NetB13_6 Pin=B13-6
Added Pin To Net: NetName=NetB13_6 Pin=R18-2
Added Net: Name=NetB13_6
Added Pin To Net: NetName=NetB13_8 Pin=B13-8
Added Pin To Net: NetName=NetB13_8 Pin=L1-1
Added Pin To Net: NetName=NetB13_8 Pin=R16-2
Added Net: Name=NetB13_8
Added Pin To Net: NetName=NetB14_5 Pin=B14-5
Added Pin To Net: NetName=NetB14_5 Pin=R20-1
Added Net: Name=NetB14_5
Added Pin To Net: NetName=NetB14_6 Pin=B14-6
Added Pin To Net: NetName=NetB14_6 Pin=C35-1
Added Pin To Net: NetName=NetB14_6 Pin=C37-2
Added Pin To Net: NetName=NetB14_6 Pin=C38-2
Added Pin To Net: NetName=NetB14_6 Pin=C39-2
Added Pin To Net: NetName=NetB14_6 Pin=C40-2
Added Net: Name=NetB14_6
Added Pin To Net: NetName=NetBT1_N Pin=BT1-N
Added Pin To Net: NetName=NetBT1_N Pin=D3-1
Added Net: Name=NetBT1_N
Added Pin To Net: NetName=NetC3_2 Pin=J2-4
Added Pin To Net: NetName=NetC3_2 Pin=J2-5
Added Net: Name=NetC3_2
Added Pin To Net: NetName=NetC6_2 Pin=C6-2
Added Pin To Net: NetName=NetC6_2 Pin=J4-4
Added Net: Name=NetC6_2
Added Pin To Net: NetName=NetC21_2 Pin=R16-1
Added Net: Name=NetC21_2
Added Pin To Net: NetName=NetC41_2 Pin=R18-1
Added Net: Name=NetC41_2
Added Pin To Net: NetName=NetD2_1 Pin=D2-1
Added Pin To Net: NetName=NetD2_1 Pin=R2-2
Added Net: Name=NetD2_1
Added Pin To Net: NetName=NetJ2_16 Pin=J2-16
Added Pin To Net: NetName=NetJ2_16 Pin=R3-1
Added Net: Name=NetJ2_16
Added Pin To Net: NetName=NetJ2_18 Pin=J2-18
Added Pin To Net: NetName=NetJ2_18 Pin=R4-1
Added Net: Name=NetJ2_18
Added Pin To Net: NetName=NetJ4_CD1 Pin=J4-CD1
Added Pin To Net: NetName=NetJ4_CD1 Pin=R7-1
Added Net: Name=NetJ4_CD1
Added Pin To Net: NetName=NetJ5_1 Pin=J5-1
Added Pin To Net: NetName=NetJ5_1 Pin=R14-1
Added Net: Name=NetJ5_1
Added Pin To Net: NetName=NetR2_1 Pin=R2-1
Added Pin To Net: NetName=NetR2_1 Pin=U1-21
Added Net: Name=NetR2_1
Added Pin To Net: NetName=nOCS1 Pin=B9-13
Added Pin To Net: NetName=nOCS1 Pin=B9-17
Added Pin To Net: NetName=nOCS1 Pin=B9-19
Added Pin To Net: NetName=nOCS1 Pin=B9-21
Added Net: Name=nOCS1
Added Pin To Net: NetName=nOCS2 Pin=B14-4
Added Net: Name=nOCS2
Added Pin To Net: NetName=nRTC_INT Pin=B4-3
Added Pin To Net: NetName=nRTC_INT Pin=R9-2
Added Net: Name=nRTC_INT
Added Pin To Net: NetName=PLL Pin=B9-33
Added Pin To Net: NetName=PLL Pin=Y2-1
Added Net: Name=PLL
Added Pin To Net: NetName=PWR1 Pin=B9-12
Added Net: Name=PWR1
Added Pin To Net: NetName=PWR2 Pin=B14-3
Added Net: Name=PWR2
Added Pin To Net: NetName=PWR_LED Pin=B8-2
Added Pin To Net: NetName=PWR_LED Pin=U1-95
Added Net: Name=PWR_LED
Added Pin To Net: NetName=REVERSED Pin=U1-76
Added Net: Name=REVERSED
Added Pin To Net: NetName=RIBOOT Pin=P6-2
Added Pin To Net: NetName=RIBOOT Pin=U1-93
Added Net: Name=RIBOOT
Added Pin To Net: NetName=RUN_PG Pin=B10-2
Added Pin To Net: NetName=RUN_PG Pin=U1-92
Added Net: Name=RUN_PG
Added Pin To Net: NetName=SCL0 Pin=U1-80
Added Net: Name=SCL0
Added Pin To Net: NetName=SCL Pin=B4-6
Added Pin To Net: NetName=SCL Pin=B7-2
Added Net: Name=SCL
Added Pin To Net: NetName=SD_CLK Pin=J4-5
Added Pin To Net: NetName=SD_CLK Pin=U1-57
Added Net: Name=SD_CLK
Added Pin To Net: NetName=SD_CMD Pin=J4-3
Added Pin To Net: NetName=SD_CMD Pin=U1-62
Added Net: Name=SD_CMD
Added Pin To Net: NetName=SD_DAT0 Pin=J4-2
Added Pin To Net: NetName=SD_DAT0 Pin=J4-7
Added Pin To Net: NetName=SD_DAT0 Pin=U1-61
Added Net: Name=SD_DAT0
Added Pin To Net: NetName=SD_DAT1 Pin=J4-8
Added Pin To Net: NetName=SD_DAT1 Pin=U1-67
Added Net: Name=SD_DAT1
Added Pin To Net: NetName=SD_DAT2 Pin=J4-1
Added Pin To Net: NetName=SD_DAT2 Pin=U1-69
Added Net: Name=SD_DAT2
Added Pin To Net: NetName=SD_PWR_ON Pin=B6-1
Added Pin To Net: NetName=SD_PWR_ON Pin=B6-5
Added Pin To Net: NetName=SD_PWR_ON Pin=R8-1
Added Pin To Net: NetName=SD_PWR_ON Pin=U1-75
Added Net: Name=SD_PWR_ON
Added Pin To Net: NetName=SDA0 Pin=U1-82
Added Net: Name=SDA0
Added Pin To Net: NetName=SDA Pin=B4-5
Added Pin To Net: NetName=SDA Pin=B7-1
Added Net: Name=SDA
Added Pin To Net: NetName=SYNC_IN Pin=P6-8
Added Pin To Net: NetName=SYNC_IN Pin=U1-16
Added Net: Name=SYNC_IN
Added Pin To Net: NetName=SYNC_OUT Pin=P6-9
Added Pin To Net: NetName=SYNC_OUT Pin=U1-18
Added Net: Name=SYNC_OUT
Added Pin To Net: NetName=TR0_TAP Pin=J2-11
Added Pin To Net: NetName=TR0_TAP Pin=P2-3
Added Net: Name=TR0_TAP
Added Pin To Net: NetName=TR1_TAP Pin=J2-12
Added Pin To Net: NetName=TR1_TAP Pin=P2-1
Added Net: Name=TR1_TAP
Added Pin To Net: NetName=TR2_TAP Pin=J2-13
Added Pin To Net: NetName=TR2_TAP Pin=P2-2
Added Net: Name=TR2_TAP
Added Pin To Net: NetName=TR3_TAP Pin=J2-14
Added Pin To Net: NetName=TR3_TAP Pin=P2-4
Added Net: Name=TR3_TAP
Added Pin To Net: NetName=TRD0_N Pin=B3-4
Added Pin To Net: NetName=TRD0_N Pin=J2-2
Added Pin To Net: NetName=TRD0_N Pin=U1-10
Added Net: Name=TRD0_N
Added Pin To Net: NetName=TRD0_P Pin=B3-5
Added Pin To Net: NetName=TRD0_P Pin=J2-1
Added Pin To Net: NetName=TRD0_P Pin=U1-12
Added Net: Name=TRD0_P
Added Pin To Net: NetName=TRD1_N Pin=B3-2
Added Pin To Net: NetName=TRD1_N Pin=J2-6
Added Pin To Net: NetName=TRD1_N Pin=U1-6
Added Net: Name=TRD1_N
Added Pin To Net: NetName=TRD1_P Pin=B3-1
Added Pin To Net: NetName=TRD1_P Pin=J2-3
Added Pin To Net: NetName=TRD1_P Pin=U1-4
Added Net: Name=TRD1_P
Added Pin To Net: NetName=TRD2_N Pin=B1-4
Added Pin To Net: NetName=TRD2_N Pin=J2-8
Added Pin To Net: NetName=TRD2_N Pin=U1-9
Added Net: Name=TRD2_N
Added Pin To Net: NetName=TRD2_P Pin=B1-5
Added Pin To Net: NetName=TRD2_P Pin=J2-7
Added Pin To Net: NetName=TRD2_P Pin=U1-11
Added Net: Name=TRD2_P
Added Pin To Net: NetName=TRD3_N Pin=B1-2
Added Pin To Net: NetName=TRD3_N Pin=J2-10
Added Pin To Net: NetName=TRD3_N Pin=U1-5
Added Net: Name=TRD3_N
Added Pin To Net: NetName=TRD3_P Pin=B1-1
Added Pin To Net: NetName=TRD3_P Pin=J2-9
Added Pin To Net: NetName=TRD3_P Pin=U1-3
Added Net: Name=TRD3_P
Added Pin To Net: NetName=TV_OUT Pin=P6-11
Added Net: Name=TV_OUT
Added Pin To Net: NetName=USB2_N Pin=B11-3
Added Net: Name=USB2_N
Added Pin To Net: NetName=USB2_P Pin=B11-4
Added Net: Name=USB2_P
Added Pin To Net: NetName=USBD_N Pin=B11-8
Added Pin To Net: NetName=USBD_N Pin=B12-4
Added Pin To Net: NetName=USBD_N Pin=J5-2
Added Net: Name=USBD_N
Added Pin To Net: NetName=USBD_P Pin=B11-9
Added Pin To Net: NetName=USBD_P Pin=B12-5
Added Pin To Net: NetName=USBD_P Pin=J5-3
Added Net: Name=USBD_P
Added Pin To Net: NetName=USBH_N Pin=B9-30
Added Pin To Net: NetName=USBH_N Pin=B11-6
Added Net: Name=USBH_N
Added Pin To Net: NetName=USBH_P Pin=B9-31
Added Pin To Net: NetName=USBH_P Pin=B11-7
Added Net: Name=USBH_P
Added Pin To Net: NetName=USBOTG Pin=B11-2
Added Pin To Net: NetName=USBOTG Pin=R14-2
Added Pin To Net: NetName=USBOTG Pin=R15-1
Added Net: Name=USBOTG
Added Pin To Net: NetName=VBUS Pin=J6-1
Added Pin To Net: NetName=VBUS Pin=J6-5
Added Pin To Net: NetName=VBUS Pin=P7-1
Added Pin To Net: NetName=VBUS Pin=P7-2
Added Net: Name=VBUS
Added Pin To Net: NetName=WL_DIS Pin=P3-1
Added Pin To Net: NetName=WL_DIS Pin=P4-1
Added Pin To Net: NetName=WL_DIS Pin=U1-89
Added Net: Name=WL_DIS
Added Pin To Net: NetName=XTAL Pin=B9-32
Added Pin To Net: NetName=XTAL Pin=Y2-2
Added Net: Name=XTAL
Added Class: Name=Sheet1
Added Rule: Name=Schematic Supply Nets
