Added Pin To Net: NetName=GND Pin=B1-3
Added Pin To Net: NetName=GND Pin=B3-3
Added Pin To Net: NetName=GND Pin=B4-4
Added Pin To Net: NetName=GND Pin=B6-2
Added Pin To Net: NetName=GND Pin=B7-4
Added Pin To Net: NetName=GND Pin=B8-3
Added Pin To Net: NetName=GND Pin=B10-3
Added Pin To Net: NetName=GND Pin=B11-5
Added Pin To Net: NetName=GND Pin=B11-10
Added Pin To Net: NetName=GND Pin=B12-3
Added Pin To Net: NetName=GND Pin=B12-8
Added Pin To Net: NetName=GND Pin=B14-2
Added Pin To Net: NetName=GND Pin=BT1-P1
Added Pin To Net: NetName=GND Pin=BT1-P2
Added Pin To Net: NetName=GND Pin=C2-1
Added Pin To Net: NetName=GND Pin=C3-1
Added Pin To Net: NetName=GND Pin=C4-1
Added Pin To Net: NetName=GND Pin=C5-1
Added Pin To Net: NetName=GND Pin=C6-1
Added Pin To Net: NetName=GND Pin=C8-1
Added Pin To Net: NetName=GND Pin=C9-1
Added Pin To Net: NetName=GND Pin=C10-1
Added Pin To Net: NetName=GND Pin=C11-1
Added Pin To Net: NetName=GND Pin=C12-2
Added Pin To Net: NetName=GND Pin=C13-2
Added Pin To Net: NetName=GND Pin=C14-2
Added Pin To Net: NetName=GND Pin=C15-2
Added Pin To Net: NetName=GND Pin=C16-2
Added Pin To Net: NetName=GND Pin=C17-2
Added Pin To Net: NetName=GND Pin=C18-2
Added Pin To Net: NetName=GND Pin=C19-2
Added Pin To Net: NetName=GND Pin=C20-2
Added Pin To Net: NetName=GND Pin=C22-1
Added Pin To Net: NetName=GND Pin=C23-1
Added Pin To Net: NetName=GND Pin=C24-1
Added Pin To Net: NetName=GND Pin=C25-1
Added Pin To Net: NetName=GND Pin=C27-1
Added Pin To Net: NetName=GND Pin=C28-1
Added Pin To Net: NetName=GND Pin=C29-1
Added Pin To Net: NetName=GND Pin=C30-1
Added Pin To Net: NetName=GND Pin=C31-1
Added Pin To Net: NetName=GND Pin=C32-1
Added Pin To Net: NetName=GND Pin=C33-1
Added Pin To Net: NetName=GND Pin=C34-1
Added Pin To Net: NetName=GND Pin=C35-2
Added Pin To Net: NetName=GND Pin=C36-1
Added Pin To Net: NetName=GND Pin=C37-1
Added Pin To Net: NetName=GND Pin=C38-1
Added Pin To Net: NetName=GND Pin=C39-1
Added Pin To Net: NetName=GND Pin=C40-1
Added Pin To Net: NetName=GND Pin=C41-1
Added Pin To Net: NetName=GND Pin=J1-6
Added Pin To Net: NetName=GND Pin=J1-9
Added Pin To Net: NetName=GND Pin=J1-14
Added Pin To Net: NetName=GND Pin=J1-20
Added Pin To Net: NetName=GND Pin=J1-25
Added Pin To Net: NetName=GND Pin=J1-30
Added Pin To Net: NetName=GND Pin=J1-34
Added Pin To Net: NetName=GND Pin=J1-39
Add Pin To Net: Unknown Pin: Pin J2-MH1
Add Pin To Net: Unknown Pin: Pin J2-MH2
Added Pin To Net: NetName=GND Pin=J3-2
Added Pin To Net: NetName=GND Pin=J3-3
Added Pin To Net: NetName=GND Pin=J4-6
Added Pin To Net: NetName=GND Pin=J4-G1
Added Pin To Net: NetName=GND Pin=J5-5
Added Pin To Net: NetName=GND Pin=J5-S1
Added Pin To Net: NetName=GND Pin=J5-S2
Added Pin To Net: NetName=GND Pin=J5-S3
Added Pin To Net: NetName=GND Pin=J5-S4
Added Pin To Net: NetName=GND Pin=J6-4
Added Pin To Net: NetName=GND Pin=J6-8
Added Pin To Net: NetName=GND Pin=P1-2
Added Pin To Net: NetName=GND Pin=P1-3
Added Pin To Net: NetName=GND Pin=P3-2
Added Pin To Net: NetName=GND Pin=P4-2
Added Pin To Net: NetName=GND Pin=P5-1
Added Pin To Net: NetName=GND Pin=P6-1
Added Pin To Net: NetName=GND Pin=P6-3
Added Pin To Net: NetName=GND Pin=P6-7
Added Pin To Net: NetName=GND Pin=P6-10
Added Pin To Net: NetName=GND Pin=P6-12
Added Pin To Net: NetName=GND Pin=P7-7
Added Pin To Net: NetName=GND Pin=P7-8
Added Pin To Net: NetName=GND Pin=R1-1
Added Pin To Net: NetName=GND Pin=R13-1
Added Pin To Net: NetName=GND Pin=R15-2
Added Pin To Net: NetName=GND Pin=R19-1
Added Pin To Net: NetName=GND Pin=R20-2
Added Pin To Net: NetName=GND Pin=U1-2
Added Pin To Net: NetName=GND Pin=U1-7
Added Pin To Net: NetName=GND Pin=U1-8
Added Pin To Net: NetName=GND Pin=U1-13
Added Pin To Net: NetName=GND Pin=U1-14
Added Pin To Net: NetName=GND Pin=U1-22
Added Pin To Net: NetName=GND Pin=U1-23
Added Pin To Net: NetName=GND Pin=U1-32
Added Pin To Net: NetName=GND Pin=U1-33
Added Pin To Net: NetName=GND Pin=U1-42
Added Pin To Net: NetName=GND Pin=U1-43
Added Pin To Net: NetName=GND Pin=U1-52
Added Pin To Net: NetName=GND Pin=U1-53
Added Pin To Net: NetName=GND Pin=U1-59
Added Pin To Net: NetName=GND Pin=U1-60
Added Pin To Net: NetName=GND Pin=U1-65
Added Pin To Net: NetName=GND Pin=U1-66
Added Pin To Net: NetName=GND Pin=U1-71
Added Pin To Net: NetName=GND Pin=U1-74
Added Pin To Net: NetName=GND Pin=U1-98
Added Pin To Net: NetName=GND Pin=U1-107
Added Pin To Net: NetName=GND Pin=U1-108
Added Pin To Net: NetName=GND Pin=U1-113
Added Pin To Net: NetName=GND Pin=U1-114
Added Pin To Net: NetName=GND Pin=U1-119
Added Pin To Net: NetName=GND Pin=U1-120
Added Pin To Net: NetName=GND Pin=U1-125
Added Pin To Net: NetName=GND Pin=U1-126
Added Pin To Net: NetName=GND Pin=U1-131
Added Pin To Net: NetName=GND Pin=U1-132
Added Pin To Net: NetName=GND Pin=U1-137
Added Pin To Net: NetName=GND Pin=U1-138
Added Pin To Net: NetName=GND Pin=U1-144
Added Pin To Net: NetName=GND Pin=U1-150
Added Pin To Net: NetName=GND Pin=U1-155
Added Pin To Net: NetName=GND Pin=U1-156
Added Pin To Net: NetName=GND Pin=U1-161
Added Pin To Net: NetName=GND Pin=U1-162
Added Pin To Net: NetName=GND Pin=U1-167
Added Pin To Net: NetName=GND Pin=U1-168
Added Pin To Net: NetName=GND Pin=U1-173
Added Pin To Net: NetName=GND Pin=U1-174
Added Pin To Net: NetName=GND Pin=U1-179
Added Pin To Net: NetName=GND Pin=U1-180
Added Pin To Net: NetName=GND Pin=U1-185
Added Pin To Net: NetName=GND Pin=U1-186
Added Pin To Net: NetName=GND Pin=U1-191
Added Pin To Net: NetName=GND Pin=U1-192
Added Pin To Net: NetName=GND Pin=U1-197
Added Pin To Net: NetName=GND Pin=U1-198
Change Net Color : Old Net Color=RGB(158, 161, 117) New Net Color=Black
Added Rule: Name=Schematic Supply Nets_1
