Change Component Description : Designator=U1 Old Description=Raspberry Pi Compute Module 4 with WiFi 2GB RAM 8GB Flash New Description=Raspberry Pi Compute Module 4 with WiFi 2GB RAM 8GB Flash | Raspberry Pi CM4102008
Add Component: Footprint Not Found CAPC1005X55N
Add Component: Footprint Not Found CAPC1005X55N
Add Component: Footprint Not Found CAPC1005X55N
Add Component: Footprint Not Found CAPC1005X55N
Add Component: Footprint Not Found CAPC1005X55N
Add Component: Footprint Not Found CAPC1005X55N
Add Component: Footprint Not Found CAPC1005X55N
Add Component: Footprint Not Found CAPC1005X55N
Add Component: Footprint Not Found CAPC1005X55N
Add Component: Footprint Not Found CAPC1005X55N
Add Component: Footprint Not Found CAPC1005X55N
Add Component: Footprint Not Found CAPC1005X55N
Add Component: Footprint Not Found CAPC1005X55N
Add Component: Footprint Not Found CAPC1005X55N
Add Component: Footprint Not Found CAPC1005X55N
Add Component: Footprint Not Found CAPC1005X55N
Add Component: Footprint Not Found CAPC1005X55N
Add Component: Footprint Not Found CAPC1005X55N
Add Component: Footprint Not Found CAPC1005X55N
Add Component: Footprint Not Found CAPC1005X55N
Add Component: Footprint Not Found RESC2012X65N
Add Component: Footprint Not Found RESC2012X65N
Add Component: Footprint Not Found RESC1005X35N
Add Pin To Net: Unknown Pin: Pin B9-NUMBER
Add Pin To Net: Unknown Pin: Pin C1-1
Add Pin To Net: Unknown Pin: Pin C1-2
Add Pin To Net: Unknown Pin: Pin C3-1
Add Pin To Net: Unknown Pin: Pin C3-2
Add Pin To Net: Unknown Pin: Pin C4-1
Add Pin To Net: Unknown Pin: Pin C4-2
Add Pin To Net: Unknown Pin: Pin C5-1
Add Pin To Net: Unknown Pin: Pin C5-2
Add Pin To Net: Unknown Pin: Pin C7-1
Add Pin To Net: Unknown Pin: Pin C7-2
Add Pin To Net: Unknown Pin: Pin C8-1
Add Pin To Net: Unknown Pin: Pin C8-2
Add Pin To Net: Unknown Pin: Pin C9-1
Add Pin To Net: Unknown Pin: Pin C9-2
Add Pin To Net: Unknown Pin: Pin C12-1
Add Pin To Net: Unknown Pin: Pin C12-2
Add Pin To Net: Unknown Pin: Pin C13-1
Add Pin To Net: Unknown Pin: Pin C13-2
Add Pin To Net: Unknown Pin: Pin C14-1
Add Pin To Net: Unknown Pin: Pin C14-2
Add Pin To Net: Unknown Pin: Pin C15-1
Add Pin To Net: Unknown Pin: Pin C15-2
Add Pin To Net: Unknown Pin: Pin C16-1
Add Pin To Net: Unknown Pin: Pin C16-2
Add Pin To Net: Unknown Pin: Pin C17-1
Add Pin To Net: Unknown Pin: Pin C17-2
Add Pin To Net: Unknown Pin: Pin C18-1
Add Pin To Net: Unknown Pin: Pin C18-2
Add Pin To Net: Unknown Pin: Pin C19-1
Add Pin To Net: Unknown Pin: Pin C19-2
Add Pin To Net: Unknown Pin: Pin C21-1
Add Pin To Net: Unknown Pin: Pin C21-2
Add Pin To Net: Unknown Pin: Pin C26-1
Add Pin To Net: Unknown Pin: Pin C26-2
Add Pin To Net: Unknown Pin: Pin C33-1
Add Pin To Net: Unknown Pin: Pin C33-2
Add Pin To Net: Unknown Pin: Pin C34-1
Add Pin To Net: Unknown Pin: Pin C34-2
Add Pin To Net: Unknown Pin: Pin C41-1
Add Pin To Net: Unknown Pin: Pin C41-2
Add Pin To Net: Unknown Pin: Pin R5-1
Add Pin To Net: Unknown Pin: Pin R5-2
Add Pin To Net: Unknown Pin: Pin R6-1
Add Pin To Net: Unknown Pin: Pin R6-2
Add Pin To Net: Unknown Pin: Pin R19-1
Add Pin To Net: Unknown Pin: Pin R19-2
Add Class Member: Failed to add class member : Component C1 100 n
Add Class Member: Failed to add class member : Component C3 1nf
Add Class Member: Failed to add class member : Component C4 100 n
Add Class Member: Failed to add class member : Component C5 100 n
Add Class Member: Failed to add class member : Component C7 100 n
Add Class Member: Failed to add class member : Component C8 100 n
Add Class Member: Failed to add class member : Component C9 100 n
Add Class Member: Failed to add class member : Component C12 100 n
Add Class Member: Failed to add class member : Component C13 100 n
Add Class Member: Failed to add class member : Component C14 100 n
Add Class Member: Failed to add class member : Component C15 100 n
Add Class Member: Failed to add class member : Component C16 100 n
Add Class Member: Failed to add class member : Component C17 100 n
Add Class Member: Failed to add class member : Component C18 27 PF
Add Class Member: Failed to add class member : Component C19 27 PF
Add Class Member: Failed to add class member : Component C21 100 n
Add Class Member: Failed to add class member : Component C26 100 n
Add Class Member: Failed to add class member : Component C33 100 n
Add Class Member: Failed to add class member : Component C34 100 n
Add Class Member: Failed to add class member : Component C41 100 n
Add Class Member: Failed to add class member : Component R5 2.7K
Add Class Member: Failed to add class member : Component R6 1K
Add Class Member: Failed to add class member : Component R19 2.2 k
