Add Pin To Net: Unknown Pin: Pin J2-MH1
Add Pin To Net: Unknown Pin: Pin J2-MH2
Added Pin To Net: NetName=+5 V Pin=B5-5
Added Pin To Net: NetName=+5 V Pin=B10-5
Added Pin To Net: NetName=+5 V Pin=B14-1
Added Pin To Net: NetName=+5 V Pin=C8-2
Added Pin To Net: NetName=+5 V Pin=C20-1
Added Pin To Net: NetName=+5 V Pin=C22-2
Added Pin To Net: NetName=+5 V Pin=C23-2
Added Pin To Net: NetName=+5 V Pin=C24-2
Added Pin To Net: NetName=+5 V Pin=C25-2
Added Pin To Net: NetName=+5 V Pin=C26-2
Added Pin To Net: NetName=+5 V Pin=C36-2
Added Pin To Net: NetName=+5 V Pin=D4-1
Added Pin To Net: NetName=+5 V Pin=J1-2
Added Pin To Net: NetName=+5 V Pin=J1-4
Added Pin To Net: NetName=+5 V Pin=L1-2
Added Pin To Net: NetName=+5 V Pin=P1-1
Added Pin To Net: NetName=+5 V Pin=R9-1
Added Pin To Net: NetName=+5 V Pin=R10-1
Added Pin To Net: NetName=+5 V Pin=R12-2
Added Pin To Net: NetName=+5 V Pin=R17-2
Added Pin To Net: NetName=+5 V Pin=U1-77
Added Pin To Net: NetName=+5 V Pin=U1-79
Added Pin To Net: NetName=+5 V Pin=U1-81
Added Pin To Net: NetName=+5 V Pin=U1-83
Added Pin To Net: NetName=+5 V Pin=U1-85
Added Pin To Net: NetName=+5 V Pin=U1-87
Added Net: Name=+5 V
