Added Component: Designator=J2(EDAC_A70-112-331N126)
Add component (AddParameter): Name = "Arrow Part Number"; Value = ""; VariantName = "[No Variations]"
Add component (AddParameter): Name = "Arrow Price/Stock"; Value = ""; VariantName = "[No Variations]"
Add component (AddParameter): Name = "Datasheet Link"; Value = "http://www.link-pp.com/upload/file/20180411/20180411182938293829.pdf"; VariantName = "[No Variations]"
Add component (AddParameter): Name = "Geometry.Height"; Value = "13.3mm"; VariantName = "[No Variations]"
Add component (AddParameter): Name = "Manufacturer_Name"; Value = "Bel Magnetic Solutions"; VariantName = "[No Variations]"
Add component (AddParameter): Name = "Manufacturer_Part_Number"; Value = "MAGJACK-A70-112-331N126"; VariantName = "[No Variations]"
Add component (AddParameter): Name = "Mouser Part Number"; Value = ""; VariantName = "[No Variations]"
Add component (AddParameter): Name = "Mouser Price/Stock"; Value = ""; VariantName = "[No Variations]"
Add Pin To Net: Unknown Pin: Pin B9-NUMBER
Added Pin To Net: NetName=TRD0_P Pin=J2-1
Added Pin To Net: NetName=TRD0_N Pin=J2-2
Added Pin To Net: NetName=TRD1_P Pin=J2-3
Added Pin To Net: NetName=NetC3_2 Pin=J2-4
Added Pin To Net: NetName=NetC3_2 Pin=J2-5
Added Pin To Net: NetName=TRD1_N Pin=J2-6
Added Pin To Net: NetName=TRD2_P Pin=J2-7
Added Pin To Net: NetName=TRD2_N Pin=J2-8
Added Pin To Net: NetName=TRD3_P Pin=J2-9
Added Pin To Net: NetName=TRD3_N Pin=J2-10
Added Pin To Net: NetName=TR0_TAP Pin=J2-11
Added Pin To Net: NetName=TR1_TAP Pin=J2-12
Added Pin To Net: NetName=TR2_TAP Pin=J2-13
Added Pin To Net: NetName=TR3_TAP Pin=J2-14
Added Pin To Net: NetName=3.3 V Pin=J2-15
Added Pin To Net: NetName=NetJ2_16 Pin=J2-16
Added Pin To Net: NetName=3.3 V Pin=J2-17
Added Pin To Net: NetName=NetJ2_18 Pin=J2-18
Add Pin To Net: Unknown Pin: Pin J2-MH1
Add Pin To Net: Unknown Pin: Pin J2-MH2
Added Member To Class: ClassName=Sheet1 Member=Component J2 MAGJACK-A70-112-331N126
